process_radtags v2.0b, executed 2018-11-21 13:53:23
/home/tcavi/stacks-2.0b/process_radtags -P -1 ./01-flipped/HT25_flipped_R1.fastq.gz -2 ./01-flipped/HT25_flipped_R2.fastq.gz --inline_null -i gzfastq -b ./barcodes_30_2018.txt -o ./020-processed -e sbfI -r -c -q
File	Retained Reads	Low Quality	Ambiguous Barcodes	Ambiguous RAD-Tag	Total
HT25_flipped_R1.fastq.gz	281233993	373043	0	0	281607036

Total Sequences	281607036
Ambiguous Barcodes	0
Low Quality	373043
Ambiguous RAD-Tag	0
Retained Reads	281233993

Barcode	Total	NoRadTag	LowQuality	Retained
ACAAGCTA	12381906	0	15745	12366161
AACAACCA	15002318	0	19631	14982687
AGATCGCA	20701540	0	26416	20675124
CCGAAGTA	19417830	0	25346	19392484
GATAGACA	22225996	0	28813	22197183
TATCAGCA	10603598	0	13937	10589661
AATGTTGC	14487974	0	18975	14468999
CCATCCTC	6846136		0	8989	6837147
AAACATCG	21569280	0	28129	21541151
AACCGAGA	14465800	0	19395	14446405
AGCAGGAA	4477450		0	5955	4471495
CCGTGAGA	6603116		0	8867	6594249
GCCACATA	4234208		0	5404	4228804
TCCGTCTA	5367514		0	6895	5360619
ACACGACC	47064		0	66	46998
CCGACAAC	1273140		0	1559	1271581
ACATTGGC	2098800		0	2695	2096105
AACGCTTA	1393634		0	1818	1391816
AGTCACTA	12171638	0	15784	12155854
CCTCCTGA	80470		0	92	80378
GCGAGTAA	4708716		0	7115	4701601
TCTTCACA	7235034		0	9634	7225400
ACAGATTC	11683506	0	15261	11668245
CCTAATCC	77936		0	92	77844
ACCACTGT	20971696	0	28024	20943672
AAGACGGA	7156416	0	10326	7146090
ATCCTGTA	10491490	0	14172	10477318
CGAACTTA	7673944	0	10350	7663594
GCTAACGA	7077874	0	10750	7067124
TGAAGAGA	9081012	0	12808	9068204

Sequences not recorded
Barcode	Total
