populations v2.0b, executed 2018-10-02 22:27:56
/home/tcavi/stacks-2.0b/populations -P 05-Stacks/popmap1_LC_location -M ./bulltrout_location.txt -r 0.65 --ordered_export --vcf --genepop --structure --radpainter --phase --fastphase --plink --hzar --phylip --phylip_var --treemix --fstats --smooth --hwe -t 8
Locus/sample distributions will be written to '05-Stacks/popmap1_LC_location/populations.log.distribs'.
populations parameters selected:
  Percent samples limit per population: 0.65
  Locus Population limit: 1
  Log liklihood filtering: off; threshold: 0
  Minor allele frequency cutoff: 0
  Maximum observed heterozygosity cutoff: 1
  Applying Fst correction: none.
  Pi/Fis kernel smoothing: on
  Fstats kernel smoothing: on
  Bootstrap resampling: off

Parsing population map...
The population map contained 30 samples, 3 population(s), 1 group(s).
Working on 30 samples.
Working on 3 population(s):
    fc: G03, G04, G05, G06, G07, G08, G09, G10, G11, G12, G13, G14, G15, G16, G23, G24
    fl: R05, Y01, Y02, Y03
    pl: PL01, PL02, PL03, PL04, PL05, PL06, PL07, PL08, PL09, PL10
Working on 1 group(s) of populations:
    defaultgrp: fc, fl, pl

SNPs and calls will be written in VCF format to '05-Stacks/popmap1_LC_location/populations.snps.vcf'
Haplotypes will be written in VCF format to '05-Stacks/popmap1_LC_location/populations.haps.vcf'
Polymorphic sites in GenePop format will be written to '05-Stacks/popmap1_LC_location/populations.snps.genepop'
Polymorphic loci in GenePop format will be written to '05-Stacks/popmap1_LC_location/populations.haps.genepop'
Polymorphic sites in Structure format will be written to '05-Stacks/popmap1_LC_location/populations.structure'
Polymorphic loci in RADpainter/fineRADstructure format will be written to '05-Stacks/popmap1_LC_location/populations.haps.radpainter'
Polymorphic sites in PLINK format will be written to '05-Stacks/popmap1_LC_location/populations.plink.ped'
Fixed difference sites in Phylip format will be written to '05-Stacks/popmap1_LC_location/populations.fixed.phylip'
   Individual sites written will be logged to '05-Stacks/popmap1_LC_location/populations.fixed.phylip.log'
Polymorphic sites in Phylip format will be written to '05-Stacks/popmap1_LC_location/populations.var.phylip'
   Individual sites written will be logged to '05-Stacks/popmap1_LC_location/populations.var.phylip.log'
Genotyping markers will be written to '05-Stacks/popmap1_LC_location/populations.markers.tsv'
Raw Genotypes/Haplotypes will be written to '05-Stacks/popmap1_LC_location/populations.haplotypes.tsv'
Population-level summary statistics will be written to '05-Stacks/popmap1_LC_location/populations.sumstats.tsv'
Population-level haplotype summary statistics will be written to '05-Stacks/popmap1_LC_location/populations.hapstats.tsv'

Processing data in batches:
  * load a batch of catalog loci and apply filters
  * compute SNP- and haplotype-wise per-population statistics
  * compute SNP- and haplotype-wise deviation from HWE
  * compute F-statistics
  * smooth per-population statistics
  * smooth F-statistics
  * write the above statistics in the output files
  * export the genotypes/haplotypes in specified format(s)
More details in '05-Stacks/popmap1_LC_location/populations.log.distribs'.
Now processing...
NC_036838.1 
NC_036839.1 
NC_036840.1 
NC_036841.1 
NC_036842.1 
NC_036843.1 
NC_036844.1 
NC_036845.1 
NC_036846.1 
NC_036847.1 
NC_036848.1 
NC_036849.1 
NC_036850.1 
NC_036851.1 
NC_036852.1 
NC_036853.1 
NC_036854.1 
NC_036855.1 
NC_036856.1 
NC_036857.1 
NC_036858.1 
NC_036859.1 
NC_036860.1 
NC_036861.1 
NC_036862.1 
NC_036863.1 
NC_036864.1 
NC_036865.1 
NC_036866.1 
NC_036867.1 
NC_036868.1 
NC_036869.1 
NC_036870.1 
NC_036871.1 
NC_036872.1 
NC_036873.1 
NC_036874.1 
NC_036875.1 
NC_036876.1 
NW_019942503.1 
NW_019942504.1 
NW_019942505.1 
NW_019942506.1 
NW_019942507.1 
NW_019942509.1 
NW_019942510.1 
NW_019942511.1 
NW_019942514.1 
NW_019942515.1 
NW_019942517.1 
NW_019942518.1 
NW_019942519.1 
NW_019942520.1 
NW_019942521.1 
NW_019942524.1 
NW_019942525.1 
NW_019942526.1 
NW_019942527.1 
NW_019942528.1 
NW_019942529.1 
NW_019942531.1 
NW_019942533.1 
NW_019942536.1 
NW_019942538.1 
NW_019942543.1 
NW_019942544.1 
NW_019942545.1 
NW_019942546.1 
NW_019942547.1 
NW_019942548.1 
NW_019942550.1 
NW_019942551.1 
NW_019942552.1 
NW_019942553.1 
NW_019942554.1 
NW_019942555.1 
NW_019942557.1 
NW_019942558.1 
NW_019942562.1 
NW_019942565.1 
NW_019942566.1 
NW_019942567.1 
NW_019942568.1 
NW_019942569.1 
NW_019942571.1 
NW_019942572.1 
NW_019942573.1 
NW_019942574.1 
NW_019942575.1 
NW_019942576.1 
NW_019942579.1 
NW_019942580.1 
NW_019942581.1 
NW_019942582.1 
NW_019942583.1 
NW_019942584.1 
NW_019942585.1 
NW_019942586.1 
NW_019942587.1 
NW_019942588.1 
NW_019942589.1 
NW_019942590.1 
NW_019942591.1 
NW_019942592.1 
NW_019942593.1 
NW_019942594.1 
NW_019942596.1 
NW_019942597.1 
NW_019942598.1 
NW_019942599.1 
NW_019942600.1 
NW_019942601.1 
NW_019942602.1 
NW_019942604.1 
NW_019942605.1 
NW_019942606.1 
NW_019942607.1 
NW_019942608.1 
NW_019942609.1 
NW_019942610.1 
NW_019942611.1 
NW_019942612.1 
NW_019942613.1 
NW_019942614.1 
NW_019942616.1 
NW_019942617.1 
NW_019942618.1 
NW_019942619.1 
NW_019942621.1 
NW_019942622.1 
NW_019942623.1 
NW_019942625.1 
NW_019942627.1 
NW_019942628.1 
NW_019942630.1 
NW_019942631.1 
NW_019942632.1 
NW_019942633.1 
NW_019942634.1 
NW_019942635.1 
NW_019942636.1 
NW_019942637.1 
NW_019942638.1 
NW_019942639.1 
NW_019942640.1 
NW_019942641.1 
NW_019942642.1 
NW_019942643.1 
NW_019942644.1 
NW_019942645.1 
NW_019942646.1 
NW_019942647.1 
NW_019942648.1 
NW_019942649.1 
NW_019942650.1 
NW_019942652.1 
NW_019942653.1 
NW_019942654.1 
NW_019942655.1 
NW_019942656.1 
NW_019942657.1 
NW_019942659.1 
NW_019942660.1 
NW_019942661.1 
NW_019942662.1 
NW_019942663.1 
NW_019942664.1 
NW_019942665.1 
NW_019942666.1 
NW_019942667.1 
NW_019942668.1 
NW_019942669.1 
NW_019942670.1 
NW_019942672.1 
NW_019942673.1 
NW_019942674.1 
NW_019942675.1 
NW_019942676.1 
NW_019942677.1 
NW_019942678.1 
NW_019942679.1 
NW_019942680.1 
NW_019942681.1 
NW_019942682.1 
NW_019942683.1 
NW_019942684.1 
NW_019942685.1 
NW_019942686.1 
NW_019942687.1 
NW_019942688.1 
NW_019942689.1 
NW_019942690.1 
NW_019942691.1 
NW_019942692.1 
NW_019942693.1 
NW_019942694.1 
NW_019942695.1 
NW_019942696.1 
NW_019942697.1 
NW_019942698.1 
NW_019942699.1 
NW_019942700.1 
NW_019942701.1 
NW_019942702.1 
NW_019942704.1 
NW_019942705.1 
NW_019942706.1 
NW_019942708.1 
NW_019942709.1 
NW_019942710.1 
NW_019942711.1 
NW_019942712.1 
NW_019942713.1 
NW_019942714.1 
NW_019942715.1 
NW_019942716.1 
NW_019942717.1 
NW_019942718.1 
NW_019942719.1 
NW_019942720.1 
NW_019942721.1 
NW_019942722.1 
NW_019942723.1 
NW_019942724.1 
NW_019942725.1 
NW_019942726.1 
NW_019942727.1 
NW_019942729.1 
NW_019942732.1 
NW_019942733.1 
NW_019942734.1 
NW_019942735.1 
NW_019942736.1 
NW_019942737.1 
NW_019942738.1 
NW_019942739.1 
NW_019942740.1 
NW_019942742.1 
NW_019942743.1 
NW_019942744.1 
NW_019942745.1 
NW_019942746.1 
NW_019942747.1 
NW_019942748.1 
NW_019942749.1 
NW_019942750.1 
NW_019942751.1 
NW_019942752.1 
NW_019942753.1 
NW_019942754.1 
NW_019942755.1 
NW_019942756.1 
NW_019942757.1 
NW_019942758.1 
NW_019942760.1 
NW_019942761.1 
NW_019942762.1 
NW_019942763.1 
NW_019942764.1 
NW_019942765.1 
NW_019942766.1 
NW_019942767.1 
NW_019942768.1 
NW_019942769.1 
NW_019942770.1 
NW_019942771.1 
NW_019942772.1 
NW_019942773.1 
NW_019942774.1 
NW_019942775.1 
NW_019942776.1 
NW_019942777.1 
NW_019942778.1 
NW_019942779.1 
NW_019942780.1 
NW_019942781.1 
NW_019942782.1 
NW_019942783.1 
NW_019942784.1 
NW_019942785.1 
NW_019942786.1 
NW_019942787.1 
NW_019942788.1 
NW_019942789.1 
NW_019942790.1 
NW_019942791.1 
NW_019942792.1 
NW_019942793.1 
NW_019942794.1 
NW_019942795.1 
NW_019942796.1 
NW_019942797.1 
NW_019942799.1 
NW_019942800.1 
NW_019942801.1 
NW_019942802.1 
NW_019942803.1 
NW_019942804.1 
NW_019942805.1 
NW_019942807.1 
NW_019942808.1 
NW_019942809.1 
NW_019942810.1 
NW_019942811.1 
NW_019942812.1 
NW_019942813.1 
NW_019942814.1 
NW_019942815.1 
NW_019942817.1 
NW_019942818.1 
NW_019942819.1 
NW_019942820.1 
NW_019942821.1 
NW_019942822.1 
NW_019942823.1 
NW_019942824.1 
NW_019942825.1 
NW_019942826.1 
NW_019942827.1 
NW_019942828.1 
NW_019942829.1 
NW_019942830.1 
NW_019942831.1 
NW_019942832.1 
NW_019942833.1 
NW_019942834.1 
NW_019942835.1 
NW_019942836.1 
NW_019942837.1 
NW_019942838.1 
NW_019942839.1 
NW_019942840.1 
NW_019942841.1 
NW_019942842.1 
NW_019942843.1 
NW_019942844.1 
NW_019942845.1 
NW_019942846.1 
NW_019942847.1 
NW_019942848.1 
NW_019942849.1 
NW_019942850.1 
NW_019942851.1 
NW_019942852.1 
NW_019942853.1 
NW_019942854.1 
NW_019942855.1 
NW_019942856.1 
NW_019942857.1 
NW_019942858.1 
NW_019942859.1 
NW_019942860.1 
NW_019942861.1 
NW_019942862.1 
NW_019942863.1 
NW_019942864.1 
NW_019942865.1 
NW_019942866.1 
NW_019942867.1 
NW_019942868.1 
NW_019942869.1 
NW_019942870.1 
NW_019942871.1 
NW_019942872.1 
NW_019942873.1 
NW_019942874.1 
NW_019942875.1 
NW_019942876.1 
NW_019942877.1 
NW_019942878.1 
NW_019942879.1 
NW_019942880.1 
NW_019942881.1 
NW_019942882.1 
NW_019942883.1 
NW_019942884.1 
NW_019942885.1 
NW_019942886.1 
NW_019942887.1 
NW_019942888.1 
NW_019942889.1 
NW_019942890.1 
NW_019942891.1 
NW_019942892.1 
NW_019942893.1 
NW_019942894.1 
NW_019942895.1 
NW_019942896.1 
NW_019942897.1 
NW_019942899.1 
NW_019942901.1 
NW_019942903.1 
NW_019942904.1 
NW_019942905.1 
NW_019942906.1 
NW_019942907.1 
NW_019942908.1 
NW_019942909.1 
NW_019942910.1 
NW_019942911.1 
NW_019942912.1 
NW_019942913.1 
NW_019942914.1 
NW_019942915.1 
NW_019942917.1 
NW_019942918.1 
NW_019942919.1 
NW_019942920.1 
NW_019942921.1 
NW_019942922.1 
NW_019942923.1 
NW_019942924.1 
NW_019942925.1 
NW_019942926.1 
NW_019942928.1 
NW_019942929.1 
NW_019942930.1 
NW_019942931.1 
NW_019942934.1 
NW_019942935.1 
NW_019942936.1 
NW_019942937.1 
NW_019942938.1 
NW_019942939.1 
NW_019942940.1 
NW_019942941.1 
NW_019942942.1 
NW_019942943.1 
NW_019942945.1 
NW_019942946.1 
NW_019942948.1 
NW_019942949.1 
NW_019942950.1 
NW_019942951.1 
NW_019942952.1 
NW_019942953.1 
NW_019942954.1 
NW_019942955.1 
NW_019942956.1 
NW_019942959.1 
NW_019942960.1 
NW_019942961.1 
NW_019942962.1 
NW_019942963.1 
NW_019942964.1 
NW_019942965.1 
NW_019942966.1 
NW_019942967.1 
NW_019942968.1 
NW_019942969.1 
NW_019942970.1 
NW_019942971.1 
NW_019942972.1 
NW_019942973.1 
NW_019942974.1 
NW_019942975.1 
NW_019942976.1 
NW_019942977.1 
NW_019942978.1 
NW_019942979.1 
NW_019942980.1 
NW_019942981.1 
NW_019942982.1 
NW_019942983.1 
NW_019942984.1 
NW_019942986.1 
NW_019942987.1 
NW_019942988.1 
NW_019942989.1 
NW_019942991.1 
NW_019942993.1 
NW_019942995.1 
NW_019942996.1 
NW_019942997.1 
NW_019942998.1 
NW_019942999.1 
NW_019943000.1 
NW_019943001.1 
NW_019943002.1 
NW_019943003.1 
NW_019943004.1 
NW_019943005.1 
NW_019943006.1 
NW_019943007.1 
NW_019943008.1 
NW_019943009.1 
NW_019943010.1 
NW_019943011.1 
NW_019943012.1 
NW_019943013.1 
NW_019943014.1 
NW_019943015.1 
NW_019943017.1 
NW_019943018.1 
NW_019943019.1 
NW_019943020.1 
NW_019943021.1 
NW_019943023.1 
NW_019943024.1 
NW_019943025.1 
NW_019943026.1 
NW_019943027.1 
NW_019943028.1 
NW_019943029.1 
NW_019943030.1 
NW_019943031.1 
NW_019943033.1 
NW_019943034.1 
NW_019943035.1 
NW_019943036.1 
NW_019943037.1 
NW_019943038.1 
NW_019943040.1 
NW_019943041.1 
NW_019943042.1 
NW_019943043.1 
NW_019943044.1 
NW_019943045.1 
NW_019943046.1 
NW_019943047.1 
NW_019943048.1 
NW_019943050.1 
NW_019943051.1 
NW_019943052.1 
NW_019943053.1 
NW_019943055.1 
NW_019943056.1 
NW_019943058.1 
NW_019943059.1 
NW_019943060.1 
NW_019943061.1 
NW_019943062.1 
NW_019943064.1 
NW_019943065.1 
NW_019943067.1 
NW_019943068.1 
NW_019943071.1 
NW_019943072.1 
NW_019943073.1 
NW_019943074.1 
NW_019943075.1 
NW_019943077.1 
NW_019943078.1 
NW_019943080.1 
NW_019943081.1 
NW_019943082.1 
NW_019943083.1 
NW_019943084.1 
NW_019943086.1 
NW_019943087.1 
NW_019943089.1 
NW_019943090.1 
NW_019943091.1 
NW_019943092.1 
NW_019943093.1 
NW_019943094.1 
NW_019943095.1 
NW_019943096.1 
NW_019943097.1 
NW_019943098.1 
NW_019943099.1 
NW_019943100.1 
NW_019943104.1 
NW_019943105.1 
NW_019943106.1 
NW_019943107.1 
NW_019943109.1 
NW_019943110.1 
NW_019943111.1 
NW_019943112.1 
NW_019943113.1 
NW_019943114.1 
NW_019943115.1 
NW_019943116.1 
NW_019943117.1 
NW_019943118.1 
NW_019943119.1 
NW_019943120.1 
NW_019943121.1 
NW_019943122.1 
NW_019943124.1 
NW_019943126.1 
NW_019943127.1 
NW_019943128.1 
NW_019943130.1 
NW_019943131.1 
NW_019943132.1 
NW_019943133.1 
NW_019943134.1 
NW_019943135.1 
NW_019943136.1 
NW_019943137.1 
NW_019943138.1 
NW_019943140.1 
NW_019943143.1 
NW_019943146.1 
NW_019943147.1 
NW_019943148.1 
NW_019943149.1 
NW_019943152.1 
NW_019943153.1 
NW_019943154.1 
NW_019943155.1 
NW_019943156.1 
NW_019943157.1 
NW_019943158.1 
NW_019943159.1 
NW_019943160.1 
NW_019943162.1 
NW_019943163.1 
NW_019943164.1 
NW_019943165.1 
NW_019943166.1 
NW_019943167.1 
NW_019943168.1 
NW_019943170.1 
NW_019943171.1 
NW_019943172.1 
NW_019943173.1 
NW_019943174.1 
NW_019943175.1 
NW_019943176.1 
NW_019943177.1 
NW_019943178.1 
NW_019943179.1 
NW_019943180.1 
NW_019943182.1 
NW_019943183.1 
NW_019943184.1 
NW_019943185.1 
NW_019943186.1 
NW_019943187.1 
NW_019943189.1 
NW_019943190.1 
NW_019943191.1 
NW_019943192.1 
NW_019943193.1 
NW_019943194.1 
NW_019943195.1 
NW_019943196.1 
NW_019943197.1 
NW_019943198.1 
NW_019943199.1 
NW_019943200.1 
NW_019943201.1 
NW_019943203.1 
NW_019943206.1 
NW_019943208.1 
NW_019943209.1 
NW_019943211.1 
NW_019943212.1 
NW_019943213.1 
NW_019943214.1 
NW_019943216.1 
NW_019943217.1 
NW_019943218.1 
NW_019943221.1 
NW_019943223.1 
NW_019943224.1 
NW_019943225.1 
NW_019943226.1 
NW_019943227.1 
NW_019943228.1 
NW_019943229.1 
NW_019943231.1 
NW_019943232.1 
NW_019943233.1 
NW_019943234.1 
NW_019943236.1 
NW_019943237.1 
NW_019943238.1 
NW_019943239.1 
NW_019943240.1 
NW_019943241.1 
NW_019943242.1 
NW_019943243.1 
NW_019943244.1 
NW_019943245.1 
NW_019943246.1 
NW_019943247.1 
NW_019943249.1 
NW_019943250.1 
NW_019943251.1 
NW_019943252.1 
NW_019943253.1 
NW_019943254.1 
NW_019943256.1 
NW_019943257.1 
NW_019943259.1 
NW_019943260.1 
NW_019943262.1 
NW_019943263.1 
NW_019943264.1 
NW_019943265.1 
NW_019943267.1 
NW_019943268.1 
NW_019943270.1 
NW_019943275.1 
NW_019943276.1 
NW_019943279.1 
NW_019943281.1 
NW_019943282.1 
NW_019943283.1 
NW_019943286.1 
NW_019943287.1 
NW_019943288.1 
NW_019943289.1 
NW_019943290.1 
NW_019943292.1 
NW_019943294.1 
NW_019943295.1 
NW_019943296.1 
NW_019943298.1 
NW_019943299.1 
NW_019943301.1 
NW_019943302.1 
NW_019943303.1 
NW_019943304.1 
NW_019943305.1 
NW_019943306.1 
NW_019943307.1 
NW_019943308.1 
NW_019943310.1 
NW_019943312.1 
NW_019943313.1 
NW_019943314.1 
NW_019943315.1 
NW_019943316.1 
NW_019943318.1 
NW_019943319.1 
NW_019943321.1 
NW_019943322.1 
NW_019943324.1 
NW_019943325.1 
NW_019943326.1 
NW_019943328.1 
NW_019943329.1 
NW_019943330.1 
NW_019943331.1 
NW_019943332.1 
NW_019943333.1 
NW_019943334.1 
NW_019943335.1 
NW_019943336.1 
NW_019943337.1 
NW_019943338.1 
NW_019943339.1 
NW_019943340.1 
NW_019943341.1 
NW_019943342.1 
NW_019943343.1 
NW_019943345.1 
NW_019943347.1 
NW_019943348.1 
NW_019943349.1 
NW_019943350.1 
NW_019943351.1 
NW_019943353.1 
NW_019943354.1 
NW_019943355.1 
NW_019943356.1 
NW_019943358.1 
NW_019943359.1 
NW_019943360.1 
NW_019943361.1 
NW_019943362.1 
NW_019943363.1 
NW_019943364.1 
NW_019943366.1 
NW_019943367.1 
NW_019943368.1 
NW_019943371.1 
NW_019943372.1 
NW_019943373.1 
NW_019943374.1 
NW_019943375.1 
NW_019943376.1 
NW_019943377.1 
NW_019943381.1 
NW_019943382.1 
NW_019943383.1 
NW_019943386.1 
NW_019943388.1 
NW_019943391.1 
NW_019943392.1 
NW_019943393.1 
NW_019943394.1 
NW_019943395.1 
NW_019943396.1 
NW_019943397.1 
NW_019943398.1 
NW_019943399.1 
NW_019943400.1 
NW_019943403.1 
NW_019943406.1 
NW_019943407.1 
NW_019943409.1 
NW_019943410.1 
NW_019943411.1 
NW_019943414.1 
NW_019943416.1 
NW_019943418.1 
NW_019943419.1 
NW_019943421.1 
NW_019943422.1 
NW_019943423.1 
NW_019943424.1 
NW_019943425.1 
NW_019943426.1 
NW_019943427.1 
NW_019943428.1 
NW_019943429.1 
NW_019943431.1 
NW_019943432.1 
NW_019943435.1 
NW_019943437.1 
NW_019943438.1 
NW_019943439.1 
NW_019943441.1 
NW_019943442.1 
NW_019943443.1 
NW_019943444.1 
NW_019943445.1 
NW_019943448.1 
NW_019943449.1 
NW_019943451.1 
NW_019943452.1 
NW_019943453.1 
NW_019943454.1 
NW_019943456.1 
NW_019943457.1 
NW_019943458.1 
NW_019943459.1 
NW_019943460.1 
NW_019943462.1 
NW_019943463.1 
NW_019943465.1 
NW_019943466.1 
NW_019943467.1 
NW_019943468.1 
NW_019943469.1 
NW_019943470.1 
NW_019943471.1 
NW_019943472.1 
NW_019943474.1 
NW_019943475.1 
NW_019943476.1 
NW_019943477.1 
NW_019943478.1 
NW_019943479.1 
NW_019943480.1 
NW_019943483.1 
NW_019943484.1 
NW_019943485.1 
NW_019943486.1 
NW_019943487.1 
NW_019943489.1 
NW_019943490.1 
NW_019943492.1 
NW_019943493.1 
NW_019943494.1 
NW_019943495.1 
NW_019943496.1 
NW_019943498.1 
NW_019943499.1 
NW_019943502.1 
NW_019943505.1 
NW_019943506.1 
NW_019943507.1 
NW_019943510.1 
NW_019943511.1 
NW_019943512.1 
NW_019943513.1 
NW_019943514.1 
NW_019943516.1 
NW_019943517.1 
NW_019943519.1 
NW_019943520.1 
NW_019943521.1 
NW_019943522.1 
NW_019943523.1 
NW_019943524.1 
NW_019943526.1 
NW_019943527.1 
NW_019943528.1 
NW_019943529.1 
NW_019943530.1 
NW_019943533.1 
NW_019943534.1 
NW_019943536.1 
NW_019943539.1 
NW_019943544.1 
NW_019943546.1 
NW_019943547.1 
NW_019943548.1 
NW_019943549.1 
NW_019943551.1 
NW_019943554.1 
NW_019943556.1 
NW_019943557.1 
NW_019943558.1 
NW_019943560.1 
NW_019943561.1 
NW_019943562.1 
NW_019943564.1 
NW_019943565.1 
NW_019943566.1 
NW_019943569.1 
NW_019943570.1 
NW_019943571.1 
NW_019943572.1 
NW_019943573.1 
NW_019943575.1 
NW_019943576.1 
NW_019943577.1 
NW_019943578.1 
NW_019943579.1 
NW_019943580.1 
NW_019943581.1 
NW_019943583.1 
NW_019943585.1 
NW_019943586.1 
NW_019943588.1 
NW_019943589.1 
NW_019943590.1 
NW_019943591.1 
NW_019943592.1 
NW_019943593.1 
NW_019943594.1 
NW_019943595.1 
NW_019943596.1 
NW_019943597.1 
NW_019943598.1 
NW_019943600.1 
NW_019943601.1 
NW_019943602.1 
NW_019943603.1 
NW_019943605.1 
NW_019943607.1 
NW_019943608.1 
NW_019943609.1 
NW_019943610.1 
NW_019943612.1 
NW_019943613.1 
NW_019943614.1 
NW_019943615.1 
NW_019943616.1 
NW_019943617.1 
NW_019943620.1 
NW_019943621.1 
NW_019943622.1 
NW_019943624.1 
NW_019943625.1 
NW_019943626.1 
NW_019943627.1 
NW_019943628.1 
NW_019943632.1 
NW_019943635.1 
NW_019943636.1 
NW_019943637.1 
NW_019943638.1 
NW_019943639.1 
NW_019943640.1 
NW_019943641.1 
NW_019943643.1 
NW_019943644.1 
NW_019943645.1 
NW_019943646.1 
NW_019943647.1 
NW_019943648.1 
NW_019943649.1 
NW_019943650.1 
NW_019943651.1 
NW_019943653.1 
NW_019943654.1 
NW_019943655.1 
NW_019943656.1 
NW_019943657.1 
NW_019943658.1 
NW_019943660.1 
NW_019943662.1 
NW_019943663.1 
NW_019943664.1 
NW_019943665.1 
NW_019943666.1 
NW_019943667.1 
NW_019943669.1 
NW_019943672.1 
NW_019943673.1 
NW_019943675.1 
NW_019943676.1 
NW_019943677.1 
NW_019943678.1 
NW_019943679.1 
NW_019943680.1 
NW_019943681.1 
NW_019943685.1 
NW_019943686.1 
NW_019943687.1 
NW_019943689.1 
NW_019943690.1 
NW_019943691.1 
NW_019943692.1 
NW_019943694.1 
NW_019943695.1 
NW_019943696.1 
NW_019943698.1 
NW_019943701.1 
NW_019943702.1 
NW_019943703.1 
NW_019943704.1 
NW_019943705.1 
NW_019943706.1 
NW_019943707.1 
NW_019943708.1 
NW_019943709.1 
NW_019943710.1 
NW_019943713.1 
NW_019943715.1 
NW_019943716.1 
NW_019943717.1 
NW_019943719.1 
NW_019943720.1 
NW_019943722.1 
NW_019943723.1 
NW_019943725.1 
NW_019943726.1 
NW_019943729.1 
NW_019943735.1 
NW_019943736.1 
NW_019943738.1 
NW_019943741.1 
NW_019943744.1 
NW_019943746.1 
NW_019943748.1 
NW_019943750.1 
NW_019943752.1 
NW_019943753.1 
NW_019943754.1 
NW_019943758.1 
NW_019943759.1 
NW_019943761.1 
NW_019943762.1 
NW_019943768.1 
NW_019943769.1 
NW_019943770.1 
NW_019943772.1 
NW_019943774.1 
NW_019943777.1 
NW_019943779.1 
NW_019943780.1 
NW_019943781.1 
NW_019943782.1 
NW_019943783.1 
NW_019943784.1 
NW_019943785.1 
NW_019943786.1 
NW_019943787.1 
NW_019943789.1 
NW_019943791.1 
NW_019943792.1 
NW_019943793.1 
NW_019943795.1 
NW_019943796.1 
NW_019943797.1 
NW_019943798.1 
NW_019943799.1 
NW_019943806.1 
NW_019943809.1 
NW_019943810.1 
NW_019943812.1 
NW_019943813.1 
NW_019943814.1 
NW_019943815.1 
NW_019943816.1 
NW_019943817.1 
NW_019943818.1 
NW_019943820.1 
NW_019943821.1 
NW_019943822.1 
NW_019943823.1 
NW_019943824.1 
NW_019943829.1 
NW_019943834.1 
NW_019943836.1 
NW_019943837.1 
NW_019943841.1 
NW_019943843.1 
NW_019943844.1 
NW_019943847.1 
NW_019943849.1 
NW_019943852.1 
NW_019943853.1 
NW_019943854.1 
NW_019943856.1 
NW_019943857.1 
NW_019943858.1 
NW_019943861.1 
NW_019943866.1 
NW_019943867.1 
NW_019943869.1 
NW_019943871.1 
NW_019943873.1 
NW_019943874.1 
NW_019943875.1 
NW_019943876.1 
NW_019943877.1 
NW_019943880.1 
NW_019943881.1 
NW_019943882.1 
NW_019943883.1 
NW_019943885.1 
NW_019943886.1 
NW_019943889.1 
NW_019943891.1 
NW_019943896.1 
NW_019943897.1 
NW_019943898.1 
NW_019943899.1 
NW_019943901.1 
NW_019943907.1 
NW_019943908.1 
NW_019943909.1 
NW_019943910.1 
NW_019943911.1 
NW_019943912.1 
NW_019943914.1 
NW_019943916.1 
NW_019943917.1 
NW_019943919.1 
NW_019943923.1 
NW_019943926.1 
NW_019943929.1 
NW_019943930.1 
NW_019943931.1 
NW_019943932.1 
NW_019943934.1 
NW_019943935.1 
NW_019943936.1 
NW_019943937.1 
NW_019943939.1 
NW_019943940.1 
NW_019943942.1 
NW_019943943.1 
NW_019943944.1 
NW_019943945.1 
NW_019943946.1 
NW_019943948.1 
NW_019943949.1 
NW_019943950.1 
NW_019943951.1 
NW_019943955.1 
NW_019943958.1 
NW_019943959.1 
NW_019943960.1 
NW_019943961.1 
NW_019943963.1 
NW_019943965.1 
NW_019943966.1 
NW_019943967.1 
NW_019943968.1 
NW_019943970.1 
NW_019943971.1 
NW_019943973.1 
NW_019943975.1 
NW_019943976.1 
NW_019943977.1 
NW_019943979.1 
NW_019943980.1 
NW_019943981.1 
NW_019943982.1 
NW_019943983.1 
NW_019943984.1 
NW_019943986.1 
NW_019943988.1 
NW_019943989.1 
NW_019943990.1 
NW_019943991.1 
NW_019943992.1 
NW_019943993.1 
NW_019943996.1 
NW_019943997.1 
NW_019944000.1 
NW_019944001.1 
NW_019944002.1 
NW_019944008.1 
NW_019944009.1 
NW_019944011.1 
NW_019944016.1 
NW_019944017.1 
NW_019944018.1 
NW_019944020.1 
NW_019944021.1 
NW_019944022.1 
NW_019944023.1 
NW_019944024.1 
NW_019944025.1 
NW_019944027.1 
NW_019944030.1 
NW_019944031.1 
NW_019944033.1 
NW_019944034.1 
NW_019944036.1 
NW_019944037.1 
NW_019944038.1 
NW_019944041.1 
NW_019944045.1 
NW_019944046.1 
NW_019944047.1 
NW_019944049.1 
NW_019944050.1 
NW_019944052.1 
NW_019944053.1 
NW_019944054.1 
NW_019944057.1 
NW_019944058.1 
NW_019944060.1 
NW_019944064.1 
NW_019944065.1 
NW_019944070.1 
NW_019944071.1 
NW_019944074.1 
NW_019944075.1 
NW_019944076.1 
NW_019944078.1 
NW_019944079.1 
NW_019944080.1 
NW_019944081.1 
NW_019944083.1 
NW_019944086.1 
NW_019944087.1 
NW_019944091.1 
NW_019944093.1 
NW_019944094.1 
NW_019944096.1 
NW_019944097.1 
NW_019944098.1 
NW_019944099.1 
NW_019944101.1 
NW_019944102.1 
NW_019944103.1 
NW_019944105.1 
NW_019944107.1 
NW_019944109.1 
NW_019944110.1 
NW_019944111.1 
NW_019944112.1 
NW_019944113.1 
NW_019944114.1 
NW_019944115.1 
NW_019944116.1 
NW_019944117.1 
NW_019944119.1 
NW_019944120.1 
NW_019944121.1 
NW_019944126.1 
NW_019944127.1 
NW_019944129.1 
NW_019944132.1 
NW_019944133.1 
NW_019944135.1 
NW_019944138.1 
NW_019944141.1 
NW_019944143.1 
NW_019944146.1 
NW_019944147.1 
NW_019944148.1 
NW_019944149.1 
NW_019944152.1 
NW_019944153.1 
NW_019944154.1 
NW_019944155.1 
NW_019944157.1 
NW_019944158.1 
NW_019944159.1 
NW_019944160.1 
NW_019944161.1 
NW_019944163.1 
NW_019944165.1 
NW_019944166.1 
NW_019944167.1 
NW_019944171.1 
NW_019944172.1 
NW_019944175.1 
NW_019944176.1 
NW_019944177.1 
NW_019944179.1 
NW_019944181.1 
NW_019944182.1 
NW_019944183.1 
NW_019944184.1 
NW_019944187.1 
NW_019944193.1 
NW_019944198.1 
NW_019944199.1 
NW_019944202.1 
NW_019944205.1 
NW_019944206.1 
NW_019944207.1 
NW_019944208.1 
NW_019944212.1 
NW_019944215.1 
NW_019944216.1 
NW_019944222.1 
NW_019944225.1 
NW_019944228.1 
NW_019944231.1 
NW_019944232.1 
NW_019944233.1 
NW_019944236.1 
NW_019944238.1 
NW_019944239.1 
NW_019944240.1 
NW_019944241.1 
NW_019944245.1 
NW_019944247.1 
NW_019944251.1 
NW_019944252.1 
NW_019944253.1 
NW_019944254.1 
NW_019944255.1 
NW_019944260.1 
NW_019944262.1 
NW_019944266.1 
NW_019944267.1 
NW_019944269.1 
NW_019944271.1 
NW_019944272.1 
NW_019944275.1 
NW_019944276.1 
NW_019944278.1 
NW_019944282.1 
NW_019944284.1 
NW_019944285.1 
NW_019944287.1 
NW_019944288.1 
NW_019944291.1 
NW_019944292.1 
NW_019944293.1 
NW_019944297.1 
NW_019944299.1 
NW_019944300.1 
NW_019944304.1 
NW_019944308.1 
NW_019944310.1 
NW_019944311.1 
NW_019944312.1 
NW_019944314.1 
NW_019944316.1 
NW_019944317.1 
NW_019944318.1 
NW_019944319.1 
NW_019944320.1 
NW_019944322.1 
NW_019944324.1 
NW_019944327.1 
NW_019944328.1 
NW_019944329.1 
NW_019944330.1 
NW_019944331.1 
NW_019944334.1 
NW_019944336.1 
NW_019944337.1 
NW_019944338.1 
NW_019944339.1 
NW_019944340.1 
NW_019944341.1 
NW_019944342.1 
NW_019944343.1 
NW_019944345.1 
NW_019944346.1 
NW_019944348.1 
NW_019944349.1 
NW_019944351.1 
NW_019944352.1 
NW_019944353.1 
NW_019944354.1 
NW_019944355.1 
NW_019944356.1 
NW_019944359.1 
NW_019944361.1 
NW_019944363.1 
NW_019944364.1 
NW_019944368.1 
NW_019944369.1 
NW_019944371.1 
NW_019944372.1 
NW_019944376.1 
NW_019944377.1 
NW_019944379.1 
NW_019944381.1 
NW_019944382.1 
NW_019944383.1 
NW_019944388.1 
NW_019944389.1 
NW_019944390.1 
NW_019944391.1 
NW_019944394.1 
NW_019944398.1 
NW_019944399.1 
NW_019944400.1 
NW_019944403.1 
NW_019944407.1 
NW_019944414.1 
NW_019944415.1 
NW_019944417.1 
NW_019944418.1 
NW_019944419.1 
NW_019944420.1 
NW_019944422.1 
NW_019944424.1 
NW_019944426.1 
NW_019944427.1 
NW_019944430.1 
NW_019944432.1 
NW_019944435.1 
NW_019944437.1 
NW_019944438.1 
NW_019944439.1 
NW_019944441.1 
NW_019944444.1 
NW_019944448.1 
NW_019944455.1 
NW_019944456.1 
NW_019944458.1 
NW_019944460.1 
NW_019944463.1 
NW_019944464.1 
NW_019944465.1 
NW_019944466.1 
NW_019944468.1 
NW_019944470.1 
NW_019944472.1 
NW_019944473.1 
NW_019944474.1 
NW_019944476.1 
NW_019944479.1 
NW_019944481.1 
NW_019944483.1 
NW_019944484.1 
NW_019944487.1 
NW_019944491.1 
NW_019944492.1 
NW_019944493.1 
NW_019944497.1 
NW_019944498.1 
NW_019944503.1 
NW_019944507.1 
NW_019944508.1 
NW_019944511.1 
NW_019944512.1 
NW_019944514.1 
NW_019944515.1 
NW_019944516.1 
NW_019944518.1 
NW_019944521.1 
NW_019944522.1 
NW_019944524.1 
NW_019944526.1 
NW_019944527.1 
NW_019944531.1 
NW_019944532.1 
NW_019944535.1 
NW_019944538.1 
NW_019944540.1 
NW_019944542.1 
NW_019944544.1 
NW_019944545.1 
NW_019944546.1 
NW_019944547.1 
NW_019944553.1 
NW_019944554.1 
NW_019944556.1 
NW_019944558.1 
NW_019944560.1 
NW_019944561.1 
NW_019944564.1 
NW_019944566.1 
NW_019944570.1 
NW_019944572.1 
NW_019944575.1 
NW_019944578.1 
NW_019944579.1 
NW_019944582.1 
NW_019944583.1 
NW_019944588.1 
NW_019944589.1 
NW_019944590.1 
NW_019944592.1 
NW_019944594.1 
NW_019944595.1 
NW_019944598.1 
NW_019944600.1 
NW_019944607.1 
NW_019944608.1 
NW_019944610.1 
NW_019944612.1 
NW_019944615.1 
NW_019944616.1 
NW_019944622.1 
NW_019944625.1 
NW_019944626.1 
NW_019944627.1 
NW_019944630.1 
NW_019944631.1 
NW_019944633.1 
NW_019944634.1 
NW_019944635.1 
NW_019944638.1 
NW_019944639.1 
NW_019944640.1 
NW_019944641.1 
NW_019944642.1 
NW_019944643.1 
NW_019944645.1 
NW_019944646.1 
NW_019944649.1 
NW_019944650.1 
NW_019944656.1 
NW_019944657.1 
NW_019944658.1 
NW_019944660.1 
NW_019944663.1 
NW_019944664.1 
NW_019944666.1 
NW_019944667.1 
NW_019944668.1 
NW_019944672.1 
NW_019944673.1 
NW_019944674.1 
NW_019944675.1 
NW_019944679.1 
NW_019944680.1 
NW_019944681.1 
NW_019944685.1 
NW_019944689.1 
NW_019944690.1 
NW_019944695.1 
NW_019944697.1 
NW_019944699.1 
NW_019944703.1 
NW_019944704.1 
NW_019944706.1 
NW_019944707.1 
NW_019944716.1 
NW_019944721.1 
NW_019944722.1 
NW_019944728.1 
NW_019944729.1 
NW_019944730.1 
NW_019944731.1 
NW_019944732.1 
NW_019944733.1 
NW_019944735.1 
NW_019944736.1 
NW_019944740.1 
NW_019944743.1 
NW_019944744.1 
NW_019944749.1 
NW_019944750.1 
NW_019944752.1 
NW_019944754.1 
NW_019944756.1 
NW_019944757.1 
NW_019944758.1 
NW_019944759.1 
NW_019944760.1 
NW_019944763.1 
NW_019944765.1 
NW_019944766.1 
NW_019944768.1 
NW_019944769.1 
NW_019944772.1 
NW_019944773.1 
NW_019944775.1 
NW_019944784.1 
NW_019944785.1 
NW_019944788.1 
NW_019944789.1 
NW_019944792.1 
NW_019944797.1 
NW_019944798.1 
NW_019944800.1 
NW_019944802.1 
NW_019944803.1 
NW_019944805.1 
NW_019944807.1 
NW_019944808.1 
NW_019944812.1 
NW_019944814.1 
NW_019944816.1 
NW_019944817.1 
NW_019944822.1 
NW_019944823.1 
NW_019944824.1 
NW_019944828.1 
NW_019944830.1 
NW_019944832.1 
NW_019944834.1 
NW_019944835.1 
NW_019944836.1 
NW_019944841.1 
NW_019944842.1 
NW_019944843.1 
NW_019944844.1 
NW_019944845.1 
NW_019944850.1 
NW_019944851.1 
NW_019944856.1 
NW_019944858.1 
NW_019944859.1 
NW_019944860.1 
NW_019944861.1 
NW_019944864.1 
NW_019944867.1 
NW_019944868.1 
NW_019944869.1 
NW_019944870.1 
NW_019944873.1 
NW_019944874.1 
NW_019944878.1 
NW_019944881.1 
NW_019944885.1 
NW_019944890.1 
NW_019944895.1 
NW_019944896.1 
NW_019944897.1 
NW_019944901.1 
NW_019944909.1 
NW_019944911.1 
NW_019944912.1 
NW_019944913.1 
NW_019944916.1 
NW_019944919.1 
NW_019944922.1 
NW_019944929.1 
NW_019944931.1 
NW_019944933.1 
NW_019944935.1 
NW_019944938.1 
NW_019944941.1 
NW_019944943.1 
NW_019944945.1 
NW_019944949.1 
NW_019944951.1 
NW_019944954.1 
NW_019944956.1 
NW_019944961.1 
NW_019944967.1 
NW_019944970.1 
NW_019944972.1 
NW_019944973.1 
NW_019944978.1 
NW_019944982.1 
NW_019944985.1 
NW_019944986.1 
NW_019944992.1 
NW_019944994.1 
NW_019944995.1 
NW_019944999.1 
NW_019945000.1 
NW_019945004.1 
NW_019945005.1 
NW_019945006.1 
NW_019945012.1 
NW_019945016.1 
NW_019945023.1 
NW_019945024.1 
NW_019945025.1 
NW_019945027.1 
NW_019945028.1 
NW_019945031.1 
NW_019945033.1 
NW_019945034.1 
NW_019945036.1 
NW_019945038.1 
NW_019945039.1 
NW_019945041.1 
NW_019945045.1 
NW_019945049.1 
NW_019945050.1 
NW_019945052.1 
NW_019945055.1 
NW_019945059.1 
NW_019945063.1 
NW_019945065.1 
NW_019945069.1 
NW_019945070.1 
NW_019945072.1 
NW_019945076.1 
NW_019945077.1 
NW_019945083.1 
NW_019945085.1 
NW_019945088.1 
NW_019945093.1 
NW_019945097.1 
NW_019945098.1 
NW_019945100.1 
NW_019945103.1 
NW_019945104.1 
NW_019945105.1 
NW_019945111.1 
NW_019945115.1 
NW_019945118.1 
NW_019945122.1 
NW_019945124.1 
NW_019945125.1 
NW_019945128.1 
NW_019945129.1 
NW_019945132.1 
NW_019945144.1 
NW_019945145.1 
NW_019945147.1 
NW_019945150.1 
NW_019945152.1 
NW_019945157.1 
NW_019945162.1 
NW_019945165.1 
NW_019945167.1 
NW_019945169.1 
NW_019945172.1 
NW_019945175.1 
NW_019945179.1 
NW_019945183.1 
NW_019945187.1 
NW_019945190.1 
NW_019945191.1 
NW_019945193.1 
NW_019945198.1 
NW_019945199.1 
NW_019945202.1 
NW_019945203.1 
NW_019945204.1 
NW_019945205.1 
NW_019945207.1 
NW_019945210.1 
NW_019945214.1 
NW_019945215.1 
NW_019945216.1 
NW_019945219.1 
NW_019945220.1 
NW_019945225.1 
NW_019945227.1 
NW_019945228.1 
NW_019945232.1 
NW_019945235.1 
NW_019945244.1 
NW_019945250.1 
NW_019945251.1 
NW_019945252.1 
NW_019945253.1 
NW_019945256.1 
NW_019945261.1 
NW_019945262.1 
NW_019945266.1 
NW_019945267.1 
NW_019945268.1 
NW_019945271.1 
NW_019945273.1 
NW_019945278.1 
NW_019945279.1 
NW_019945283.1 
NW_019945287.1 
NW_019945289.1 
NW_019945290.1 
NW_019945294.1 
NW_019945303.1 
NW_019945312.1 
NW_019945314.1 
NW_019945330.1 
NW_019945331.1 
NW_019945334.1 
NW_019945339.1 
NW_019945343.1 
NW_019945347.1 
NW_019945350.1 
NW_019945357.1 
NW_019945358.1 
NW_019945360.1 
NW_019945363.1 
NW_019945365.1 
NW_019945368.1 
NW_019945370.1 
NW_019945371.1 
NW_019945374.1 
NW_019945379.1 
NW_019945381.1 
NW_019945383.1 
NW_019945386.1 
NW_019945390.1 
NW_019945391.1 
NW_019945392.1 
NW_019945393.1 
NW_019945397.1 
NW_019945398.1 
NW_019945399.1 
NW_019945400.1 
NW_019945401.1 
NW_019945404.1 
NW_019945405.1 
NW_019945408.1 
NW_019945410.1 
NW_019945412.1 
NW_019945414.1 
NW_019945419.1 
NW_019945421.1 
NW_019945424.1 
NW_019945426.1 
NW_019945429.1 
NW_019945431.1 
NW_019945433.1 
NW_019945438.1 
NW_019945441.1 
NW_019945442.1 
NW_019945444.1 
NW_019945448.1 
NW_019945451.1 
NW_019945455.1 
NW_019945456.1 
NW_019945457.1 
NW_019945460.1 
NW_019945461.1 
NW_019945462.1 
NW_019945466.1 
NW_019945467.1 
NW_019945471.1 
NW_019945472.1 
NW_019945476.1 
NW_019945479.1 
NW_019945480.1 
NW_019945481.1 
NW_019945485.1 
NW_019945491.1 
NW_019945494.1 
NW_019945495.1 
NW_019945497.1 
NW_019945499.1 
NW_019945504.1 
NW_019945506.1 
NW_019945509.1 
NW_019945514.1 
NW_019945518.1 
NW_019945520.1 
NW_019945525.1 
NW_019945531.1 
NW_019945534.1 
NW_019945537.1 
NW_019945541.1 
NW_019945543.1 
NW_019945552.1 
NW_019945558.1 
NW_019945564.1 
NW_019945566.1 
NW_019945567.1 
NW_019945571.1 
NW_019945572.1 
NW_019945574.1 
NW_019945576.1 
NW_019945579.1 
NW_019945582.1 
NW_019945583.1 
NW_019945585.1 
NW_019945588.1 
NW_019945591.1 
NW_019945592.1 
NW_019945594.1 
NW_019945596.1 
NW_019945597.1 
NW_019945602.1 
NW_019945603.1 
NW_019945609.1 
NW_019945610.1 
NW_019945615.1 
NW_019945621.1 
NW_019945629.1 
NW_019945631.1 
NW_019945632.1 
NW_019945638.1 
NW_019945641.1 
NW_019945645.1 
NW_019945646.1 
NW_019945651.1 
NW_019945656.1 
NW_019945658.1 
NW_019945661.1 
NW_019945662.1 
NW_019945664.1 
NW_019945665.1 
NW_019945666.1 
NW_019945669.1 
NW_019945670.1 
NW_019945672.1 
NW_019945679.1 
NW_019945683.1 
NW_019945684.1 
NW_019945693.1 
NW_019945702.1 
NW_019945705.1 
NW_019945707.1 
NW_019945712.1 
NW_019945716.1 
NW_019945718.1 
NW_019945720.1 
NW_019945722.1 
NW_019945723.1 
NW_019945730.1 
NW_019945732.1 
NW_019945733.1 
NW_019945735.1 
NW_019945737.1 
NW_019945742.1 
NW_019945747.1 
NW_019945754.1 
NW_019945758.1 
NW_019945760.1 
NW_019945762.1 
NW_019945773.1 
NW_019945775.1 
NW_019945776.1 
NW_019945780.1 
NW_019945782.1 
NW_019945784.1 
NW_019945786.1 
NW_019945787.1 
NW_019945790.1 
NW_019945797.1 
NW_019945798.1 
NW_019945811.1 
NW_019945814.1 
NW_019945817.1 
NW_019945824.1 
NW_019945828.1 
NW_019945833.1 
NW_019945836.1 
NW_019945837.1 
NW_019945850.1 
NW_019945856.1 
NW_019945858.1 
NW_019945862.1 
NW_019945866.1 
NW_019945871.1 
NW_019945875.1 
NW_019945877.1 
NW_019945878.1 
NW_019945881.1 
NW_019945890.1 
NW_019945893.1 
NW_019945896.1 
NW_019945899.1 
NW_019945900.1 
NW_019945903.1 
NW_019945907.1 
NW_019945909.1 
NW_019945911.1 
NW_019945912.1 
NW_019945914.1 
NW_019945916.1 
NW_019945930.1 
NW_019945934.1 
NW_019945939.1 
NW_019945943.1 
NW_019945948.1 
NW_019945955.1 
NW_019945959.1 
NW_019945966.1 
NW_019945977.1 
NW_019945978.1 
NW_019945981.1 
NW_019945987.1 
NW_019945990.1 
NW_019945991.1 
NW_019945994.1 
NW_019945999.1 
NW_019946001.1 
NW_019946003.1 
NW_019946007.1 
NW_019946010.1 
NW_019946012.1 
NW_019946023.1 
NW_019946027.1 
NW_019946033.1 
NW_019946035.1 
NW_019946037.1 
NW_019946041.1 
NW_019946043.1 
NW_019946046.1 
NW_019946053.1 
NW_019946062.1 
NW_019946063.1 
NW_019946067.1 
NW_019946071.1 
NW_019946076.1 
NW_019946078.1 
NW_019946081.1 
NW_019946085.1 
NW_019946086.1 
NW_019946090.1 
NW_019946095.1 
NW_019946097.1 
NW_019946100.1 
NW_019946103.1 
NW_019946105.1 
NW_019946106.1 
NW_019946113.1 
NW_019946121.1 
NW_019946133.1 
NW_019946138.1 
NW_019946142.1 
NW_019946143.1 
NW_019946144.1 
NW_019946150.1 
NW_019946156.1 
NW_019946161.1 
NW_019946162.1 
NW_019946167.1 
NW_019946173.1 
NW_019946175.1 
NW_019946180.1 
NW_019946181.1 
NW_019946184.1 
NW_019946186.1 
NW_019946191.1 
NW_019946197.1 
NW_019946198.1 
NW_019946199.1 
NW_019946202.1 
NW_019946203.1 
NW_019946213.1 
NW_019946220.1 
NW_019946223.1 
NW_019946228.1 
NW_019946230.1 
NW_019946235.1 
NW_019946237.1 
NW_019946238.1 
NW_019946242.1 
NW_019946245.1 
NW_019946250.1 
NW_019946254.1 
NW_019946255.1 
NW_019946256.1 
NW_019946258.1 
NW_019946259.1 
NW_019946264.1 
NW_019946271.1 
NW_019946274.1 
NW_019946285.1 
NW_019946286.1 
NW_019946288.1 
NW_019946293.1 
NW_019946297.1 
NW_019946299.1 
NW_019946303.1 
NW_019946308.1 
NW_019946309.1 
NW_019946310.1 
NW_019946314.1 
NW_019946318.1 
NW_019946332.1 
NW_019946339.1 
NW_019946342.1 
NW_019946344.1 
NW_019946345.1 
NW_019946346.1 
NW_019946351.1 
NW_019946354.1 
NW_019946357.1 
NW_019946360.1 
NW_019946362.1 
NW_019946365.1 
NW_019946368.1 
NW_019946370.1 
NW_019946373.1 
NW_019946378.1 
NW_019946379.1 
NW_019946383.1 
NW_019946385.1 
NW_019946386.1 
NW_019946387.1 
NW_019946391.1 
NW_019946392.1 
NW_019946398.1 
NW_019946400.1 
NW_019946410.1 
NW_019946411.1 
NW_019946414.1 
NW_019946416.1 
NW_019946419.1 
NW_019946423.1 
NW_019946424.1 
NW_019946434.1 
NW_019946437.1 
NW_019946440.1 
NW_019946443.1 
NW_019946448.1 
NW_019946455.1 
NW_019946457.1 
NW_019946464.1 
NW_019946467.1 
NW_019946470.1 
NW_019946476.1 
NW_019946479.1 
NW_019946480.1 
NW_019946481.1 
NW_019946491.1 
NW_019946504.1 
NW_019946507.1 
NW_019946508.1 
NW_019946510.1 
NW_019946515.1 
NW_019946518.1 
NW_019946519.1 
NW_019946520.1 
NW_019946526.1 
NW_019946533.1 
NW_019946538.1 
NW_019946540.1 
NW_019946542.1 
NW_019946544.1 
NW_019946545.1 
NW_019946551.1 
NW_019946553.1 
NW_019946555.1 
NW_019946561.1 
NW_019946575.1 
NW_019946581.1 
NW_019946582.1 
NW_019946586.1 
NW_019946589.1 
NW_019946591.1 
NW_019946593.1 
NW_019946595.1 
NW_019946608.1 
NW_019946613.1 
NW_019946615.1 
NW_019946618.1 
NW_019946619.1 
NW_019946621.1 
NW_019946630.1 
NW_019946634.1 
NW_019946650.1 
NW_019946656.1 
NW_019946659.1 
NW_019946660.1 
NW_019946673.1 
NW_019946675.1 
NW_019946677.1 
NW_019946680.1 
NW_019946683.1 
NW_019946687.1 
NW_019946688.1 
NW_019946690.1 
NW_019946691.1 
NW_019946697.1 
NW_019946710.1 
NW_019946720.1 
NW_019946722.1 
NW_019946723.1 
NW_019946729.1 
NW_019946735.1 
NW_019946748.1 
NW_019946753.1 
NW_019946754.1 
NW_019946755.1 
NW_019946766.1 
NW_019946772.1 
NW_019946777.1 
NW_019946778.1 
NW_019946782.1 
NW_019946783.1 
NW_019946788.1 
NW_019946797.1 
NW_019946803.1 
NW_019946809.1 
NW_019946820.1 
NW_019946821.1 
NW_019946826.1 
NW_019946827.1 
NW_019946828.1 
NW_019946844.1 
NW_019946848.1 
NW_019946854.1 
NW_019946857.1 
NW_019946858.1 
NW_019946863.1 
NW_019946866.1 
NW_019946867.1 
NW_019946877.1 
NW_019946878.1 
NW_019946883.1 
NW_019946886.1 
NW_019946889.1 
NW_019946894.1 
NW_019946896.1 
NW_019946904.1 
NW_019946907.1 
NW_019946914.1 
NW_019946915.1 
NW_019946916.1 
NW_019946918.1 
NW_019946919.1 
NW_019946920.1 
NW_019946921.1 
NW_019946926.1 
NW_019946933.1 
NW_019946937.1 
NW_019946939.1 
NW_019946958.1 
NW_019946959.1 
NW_019946966.1 
NW_019946972.1 
NW_019946980.1 
NW_019946982.1 
NW_019946984.1 
NW_019946986.1 
NW_019946988.1 
NW_019946993.1 
NW_019946998.1 
NW_019946999.1 
NW_019947001.1 
NW_019947005.1 
NW_019947006.1 
NW_019947014.1 
NW_019947016.1 
NW_019947022.1 
NW_019947027.1 
NW_019947030.1 
NW_019947043.1 
NW_019947052.1 
NW_019947061.1 
NW_019947074.1 
NW_019947077.1 
NW_019947090.1 
NW_019947097.1 
NW_019947105.1 
NW_019947111.1 
NW_019947113.1 
NW_019947114.1 
NW_019947120.1 
NW_019947131.1 
NW_019947132.1 
NW_019947139.1 
NW_019947142.1 
NW_019947151.1 
NW_019947157.1 
NW_019947158.1 
NW_019947174.1 
NW_019947178.1 
NW_019947179.1 
NW_019947186.1 
NW_019947187.1 
NW_019947191.1 
NW_019947196.1 
NW_019947202.1 
NW_019947209.1 
NW_019947217.1 
NW_019947224.1 
NW_019947225.1 
NW_019947236.1 
NW_019947239.1 
NW_019947245.1 
NW_019947248.1 
NW_019947263.1 
NW_019947264.1 
NW_019947284.1 
NW_019947285.1 
NW_019947287.1 
NW_019947304.1 
NW_019947312.1 
NW_019947333.1 
NW_019947334.1 
NW_019947335.1 
NW_019947338.1 
NW_019947344.1 
NW_019947346.1 
NW_019947371.1 
NW_019947374.1 
NW_019947375.1 
NW_019947377.1 
NW_019947378.1 
NW_019947382.1 
NW_019947394.1 
NW_019947397.1 
NW_019947422.1 
NW_019947433.1 
NW_019947434.1 
NW_019947438.1 
NW_019947443.1 
NW_019947453.1 
NW_019947455.1 
NW_019947458.1 
NW_019947460.1 
NW_019947461.1 
NW_019947480.1 
NW_019947486.1 
NW_019947489.1 
NW_019947498.1 
NW_019947512.1 
NW_019947523.1 
NW_019947525.1 
NW_019947526.1 
NW_019947530.1 
NW_019947534.1 
NW_019947535.1 
NW_019947543.1 
NW_019947570.1 
NW_019947572.1 
NW_019947576.1 
NW_019947588.1 
NW_019947590.1 
NW_019947597.1 
NW_019947607.1 
NW_019947608.1 
NW_019947611.1 
NW_019947619.1 
NW_019947622.1 
NW_019947624.1 
NW_019947631.1 
NW_019947632.1 
NW_019947641.1 
NW_019947647.1 
NW_019947648.1 
NW_019947649.1 
NW_019947650.1 
NW_019947653.1 
NW_019947654.1 
NW_019947656.1 
NW_019947660.1 
NW_019947673.1 
NW_019947678.1 
NW_019947683.1 
NW_019947690.1 
NW_019947696.1 
NW_019947707.1 
NW_019947712.1 
NW_019947723.1 
NW_019947729.1 
NW_019947732.1 
NW_019947745.1 
NW_019947777.1 
NW_019947784.1 
NW_019947787.1 
NW_019947800.1 
NW_019947808.1 
NW_019947812.1 
NW_019947815.1 
NW_019947821.1 
NW_019947825.1 
NW_019947847.1 
NW_019947862.1 
NW_019947863.1 
NW_019947868.1 
NW_019947884.1 
NW_019947890.1 
NW_019947895.1 
NW_019947897.1 
NW_019947908.1 
NW_019947914.1 
NW_019947915.1 
NW_019947917.1 
NW_019947922.1 
NW_019947931.1 
NW_019947933.1 
NW_019947936.1 
NW_019947942.1 
NW_019947961.1 
NW_019947981.1 
NW_019947982.1 
NW_019947986.1 
NW_019947988.1 
NW_019947991.1 
NW_019947993.1 
NW_019947998.1 
NW_019948004.1 
NW_019948013.1 
NW_019948035.1 
NW_019948040.1 
NW_019948045.1 
NW_019948060.1 
NW_019948064.1 
NW_019948073.1 
NW_019948074.1 
NW_019948077.1 
NW_019948090.1 
NW_019948097.1 
NW_019948102.1 
NW_019948109.1 
NW_019948121.1 
NW_019948122.1 
NW_019948140.1 
NW_019948154.1 
NW_019948156.1 
NW_019948170.1 
NW_019948176.1 
NW_019948186.1 
NW_019948191.1 
NW_019948197.1 
NW_019948208.1 
NW_019948218.1 
NW_019948226.1 
NW_019948227.1 
NW_019948242.1 
NW_019948246.1 
NW_019948248.1 
NW_019948250.1 
NW_019948262.1 
NW_019948285.1 
NW_019948290.1 
NW_019948296.1 
NW_019948299.1 
NW_019948301.1 
NW_019948327.1 
NW_019948334.1 
NW_019948347.1 
NW_019948353.1 
NW_019948354.1 
NW_019948361.1 
NW_019948362.1 
NW_019948369.1 
NW_019948394.1 
NW_019948395.1 
NW_019948412.1 
NW_019948434.1 
NW_019948438.1 
NW_019948441.1 
NW_019948445.1 
NW_019948451.1 
NW_019948453.1 
NW_019948481.1 
NW_019948486.1 
NW_019948495.1 
NW_019948498.1 
NW_019948501.1 
NW_019948527.1 
NW_019948551.1 
NW_019948559.1 
NW_019948563.1 
NW_019948571.1 
NW_019948588.1 
NW_019948597.1 
NW_019948607.1 
NW_019948632.1 
NW_019948636.1 
NW_019948682.1 
NW_019948683.1 
NW_019948692.1 
NW_019948720.1 
NW_019948739.1 
NW_019948761.1 
NW_019948766.1 
NW_019948771.1 
NW_019948788.1 
NW_019948800.1 
NW_019948809.1 
NW_019948829.1 
NW_019948836.1 
NW_019948839.1 
NW_019948842.1 
NW_019948843.1 
NW_019948852.1 
NW_019948859.1 
NW_019948864.1 
NW_019948875.1 
NW_019948879.1 
NW_019948897.1 
NW_019948922.1 
NW_019948927.1 
NW_019948943.1 
NW_019948976.1 
NW_019948981.1 
NW_019949016.1 
NW_019949033.1 
NW_019949059.1 
NW_019949078.1 
NW_019949080.1 
NW_019949097.1 
NW_019949109.1 
NW_019949147.1 
NW_019949149.1 
NW_019949159.1 
NW_019949164.1 
NW_019949170.1 
NW_019949173.1 
NW_019949192.1 
NW_019949195.1 
NW_019949260.1 
NW_019949262.1 
NW_019949263.1 
NW_019949297.1 
NW_019949319.1 
NW_019949337.1 
NW_019949347.1 
NW_019949369.1 
NW_019949391.1 
NW_019949404.1 
NW_019949415.1 
NW_019949455.1 
NW_019949472.1 
NW_019949477.1 
NW_019949483.1 
NW_019949491.1 
NW_019949512.1 
NW_019949545.1 
NW_019949561.1 
NW_019949562.1 
NW_019949573.1 
NW_019949615.1 
NW_019949624.1 
NW_019949632.1 
NW_019949635.1 
NW_019949647.1 
NW_019949651.1 
NW_019949666.1 
NW_019949678.1 
NW_019949679.1 
NW_019949702.1 
NW_019949721.1 
NW_019949734.1 
NW_019949757.1 
NW_019949772.1 
NW_019949774.1 
NW_019949775.1 
NW_019949789.1 
NW_019949790.1 
NW_019949801.1 
NW_019949825.1 
NW_019949866.1 
NW_019949882.1 
NW_019949886.1 
NW_019949898.1 
NW_019949923.1 
NW_019949926.1 
NW_019949934.1 
NW_019949943.1 
NW_019949978.1 
NW_019950014.1 
NW_019950020.1 
NW_019950024.1 
NW_019950035.1 
NW_019950060.1 
NW_019950073.1 
NW_019950084.1 
NW_019950096.1 
NW_019950126.1 
NW_019950134.1 
NW_019950158.1 
NW_019950169.1 
NW_019950217.1 
NW_019950262.1 
NW_019950296.1 
NW_019950326.1 
NW_019950333.1 
NW_019950339.1 
NW_019950347.1 
NW_019950355.1 
NW_019950379.1 
NW_019950409.1 
NW_019950449.1 
NW_019950451.1 
NW_019950461.1 
NW_019950468.1 
NW_019950480.1 
NW_019950518.1 
NW_019950519.1 
NW_019950528.1 
NW_019950538.1 
NW_019950553.1 
NW_019950557.1 
NW_019950559.1 
NW_019950562.1 
NW_019950578.1 
NW_019950590.1 
NW_019950591.1 
NW_019950614.1 
NW_019950623.1 
NW_019950624.1 
NW_019950652.1 
NW_019950653.1 
NW_019950667.1 
NW_019950699.1 
NW_019950718.1 
NW_019950719.1 
NW_019950767.1 
NW_019950770.1 
NW_019950777.1 
NW_019950783.1 
NW_019950796.1 
NW_019950843.1 
NW_019950864.1 
NW_019950885.1 
NW_019950897.1 
NW_019950904.1 
NW_019950930.1 
NW_019950931.1 
NW_019950935.1 
NW_019950950.1 
NW_019950956.1 
NW_019950968.1 
NW_019950988.1 
NW_019951036.1 
NW_019951052.1 
NW_019951055.1 
NW_019951098.1 
NW_019951100.1 
NW_019951238.1 
NW_019951286.1 
NW_019951298.1 
NW_019951351.1 
NW_019951395.1 
NW_019951444.1 
NW_019951469.1 
NW_019951471.1 
NW_019951489.1 
NW_019951498.1 
NW_019951505.1 
NW_019951520.1 
NW_019951533.1 
NW_019951589.1 
NW_019951597.1 
NW_019951628.1 
NW_019951664.1 
NW_019951682.1 
NW_019951690.1 
NW_019951695.1 
NW_019951701.1 
NW_019951738.1 
NW_019951771.1 
NW_019951775.1 
NW_019951821.1 
NW_019951838.1 
NW_019951871.1 
NW_019951906.1 
NW_019951913.1 
NW_019951922.1 
NW_019951938.1 
NW_019952029.1 
NW_019952037.1 
NW_019952048.1 
NW_019952082.1 
NW_019952112.1 
NW_019952119.1 
NW_019952184.1 
NW_019952220.1 
NW_019952237.1 
NW_019952244.1 
NW_019952264.1 
NW_019952322.1 
NW_019952388.1 
NW_019952435.1 
NW_019952445.1 
NW_019952502.1 
NW_019952552.1 
NW_019952558.1 
NW_019952605.1 
NW_019952629.1 
NW_019952635.1 
NW_019952667.1 
NW_019952721.1 
NW_019952723.1 
NW_019952758.1 
NW_019952815.1 
NW_019952832.1 
NW_019952867.1 
NW_019952869.1 
NW_019952878.1 
NW_019952893.1 
NW_019952915.1 
NW_019953011.1 
NW_019953017.1 
NW_019953022.1 
NW_019953107.1 
NW_019953136.1 
NW_019953195.1 
NW_019953260.1 
NW_019953335.1 
NW_019953348.1 
NW_019953376.1 
NW_019953385.1 
NW_019953429.1 
NW_019953442.1 
NW_019953459.1 
NW_019953514.1 
NW_019953586.1 
NW_019953592.1 
NW_019953685.1 
NW_019953697.1 
NW_019953702.1 
NW_019953725.1 
NW_019953728.1 
NW_019953742.1 
NW_019953805.1 
NW_019953862.1 
NW_019953901.1 
NW_019954064.1 
NW_019954098.1 
NW_019954137.1 
NW_019954158.1 
NW_019954160.1 
NW_019954210.1 
NW_019954233.1 
NW_019954263.1 
NW_019954312.1 
NW_019954346.1 
NW_019954355.1 
NW_019954404.1 
NW_019954442.1 
NW_019954470.1 
NW_019954495.1 
NW_019954510.1 
NW_019954549.1 
NW_019954602.1 
NW_019954633.1 
NW_019954640.1 
NW_019954682.1 
NW_019954731.1 
NW_019954732.1 
NW_019954796.1 
NW_019954830.1 
NW_019954860.1 
NW_019954891.1 
NW_019955036.1 
NW_019955054.1 
NW_019955074.1 
NW_019955108.1 
NW_019955110.1 
NW_019955135.1 
NW_019955138.1 
NW_019955192.1 
NW_019955298.1 
NW_019955320.1 
NW_019955390.1 
NW_019955641.1 
NW_019955651.1 
NW_019955731.1 
NW_019955739.1 
NW_019955787.1 
NW_019955869.1 
NW_019955911.1 
NW_019955932.1 
NW_019956021.1 
NW_019956052.1 
NW_019956135.1 
NW_019956147.1 
NW_019956158.1 
NW_019956160.1 
NW_019956174.1 
NW_019956252.1 
NW_019956319.1 
NW_019956456.1 
NW_019956550.1 
NW_019956552.1 
NW_019956581.1 
NW_019956662.1 
NW_019956699.1 
NW_019956710.1 
NW_019956835.1 
NW_019956870.1 
NW_019957151.1 
NW_019957276.1 
NW_019957359.1 
NW_019957519.1 
NW_019957520.1 
NW_019957521.1 
NW_019957522.1 
NW_019957523.1 
NW_019957524.1 
NW_019957525.1 
NW_019957527.1 
NW_019957528.1 
NW_019957529.1 
NW_019957530.1 
NW_019957531.1 
NW_019957534.1 
NW_019957535.1 
NW_019957536.1 
NW_019957537.1 
NW_019957538.1 
NW_019957540.1 
NW_019957542.1 
NW_019957544.1 
NW_019957547.1 
NW_019957548.1 
NW_019957549.1 
NW_019957552.1 
NW_019957555.1 
NW_019957556.1 
NW_019957557.1 
NW_019957558.1 
NW_019957559.1 
NW_019957561.1 
NW_019957562.1 
NW_019957564.1 
NW_019957565.1 
NW_019957566.1 
NW_019957570.1 
NW_019957571.1 
NW_019957572.1 
NW_019957573.1 
NW_019957574.1 
NW_019957575.1 
NW_019957576.1 
NW_019957578.1 
NW_019957579.1 
NW_019957582.1 
NW_019957583.1 
NW_019957585.1 
NW_019957587.1 
NW_019957588.1 
NW_019957589.1 
NW_019957590.1 
NW_019957592.1 
NW_019957594.1 
NW_019957596.1 
NW_019957597.1 
NW_019957600.1 
NW_019957601.1 
NW_019957604.1 
NW_019957605.1 
NW_019957606.1 
NW_019957609.1 
NW_019957610.1 
NW_019957611.1 
NW_019957612.1 
NW_019957613.1 
NW_019957614.1 
NW_019957615.1 
NW_019957617.1 
NW_019957618.1 
NW_019957619.1 
NW_019957620.1 
NW_019957621.1 
NW_019957622.1 
NW_019957624.1 
NW_019957625.1 
NW_019957626.1 
NW_019957627.1 
NW_019957628.1 
NW_019957631.1 
NW_019957632.1 
NW_019957633.1 
NW_019957635.1 
NW_019957636.1 
NW_019957637.1 
NW_019957639.1 
NW_019957641.1 
NW_019957645.1 
NW_019957646.1 
NW_019957647.1 
NW_019957649.1 
NW_019957650.1 
NW_019957651.1 
NW_019957652.1 
NW_019957653.1 
NW_019957655.1 
NW_019957657.1 
NW_019957658.1 
NW_019957659.1 
NW_019957662.1 
NW_019957663.1 
NW_019957664.1 
NW_019957665.1 
NW_019957666.1 
NW_019957667.1 
NW_019957671.1 
NW_019957672.1 
NW_019957673.1 
NW_019957674.1 
NW_019957675.1 
NW_019957676.1 
NW_019957677.1 
NW_019957678.1 
NW_019957680.1 
NW_019957681.1 
NW_019957683.1 
NW_019957685.1 
NW_019957686.1 
NW_019957688.1 
NW_019957689.1 
NW_019957690.1 
NW_019957692.1 
NW_019957696.1 
NW_019957698.1 
NW_019957699.1 
NW_019957701.1 
NW_019957702.1 
NW_019957703.1 
NW_019957704.1 
NW_019957706.1 
NW_019957707.1 
NW_019957708.1 
NW_019957709.1 
NW_019957710.1 
NW_019957711.1 
NW_019957713.1 
NW_019957714.1 
NW_019957715.1 
NW_019957716.1 

Removed 99241 loci that did not pass sample/population constraints from 171973 loci.
Kept 72732 loci, composed of 40101700 sites; 72167 of those sites were filtered, 59094 variant sites remained.
    39444747 genomic sites, of which 626860 were covered by multiple loci (1.6%).
Mean genotyped sites per locus: 535.63bp (stderr 0.39).

Population summary statistics (more detail in populations.sumstats_summary.tsv):
  fc: 13.012 samples per locus; pi: 0.2032; all/variant/polymorphic sites: 38068697/50878/36040; private alleles: 15338
  fl: 3.0918 samples per locus; pi: 0.21531; all/variant/polymorphic sites: 34632701/13534/7200; private alleles: 5284
  pl: 8.2328 samples per locus; pi: 0.20632; all/variant/polymorphic sites: 37460199/49690/28887; private alleles: 9144

Number of variable sites found to be significantly out of Hardy-Weinberg equilibrium (<0.05):
  fc: 9483
  fl: 0
  pl: 8772
Number of loci found to be significantly out of Hardy-Weinberg equilibrium (<0.05):
  fc: 21188
  fl: 27299
  pl: 25307
(more detail in populations.sumstats.tsv and populations.hapstats.tsv)

Population pair divergence statistics (more in populations.fst_summary.tsv and populations.phistats_summary.tsv):
  fc-fl: mean Fst: 0.12332; mean Phi_st: 0.10176; mean Fst': 0.14088
  fc-pl: mean Fst: 0.10367; mean Phi_st: 0.15761; mean Fst': 0.13434
  fl-pl: mean Fst: 0.14075; mean Phi_st: 0.16362; mean Fst': 0.18107

Populations is done.
