# Stacks v2.0b;  Phylip sequential; October 02, 2018
# Seq Pos	Locus ID	Column	Population
0	587	23	fc:C,fl:C,pl:T,
1	706	332	fc:G,fl:N,pl:A,
2	732	256	fc:T,fl:N,pl:G,
3	1189	82	fc:T,fl:N,pl:A,
4	1319	178	fc:A,fl:N,pl:C,
5	1567	11	fc:C,fl:N,pl:T,
6	2137	221	fc:T,fl:N,pl:A,
7	4500	137	fc:A,fl:G,pl:A,
8	4871	259	fc:T,fl:N,pl:C,
9	5091	82	fc:A,fl:N,pl:T,
10	5273	125	fc:T,fl:N,pl:A,
11	5373	207	fc:G,fl:N,pl:A,
12	5402	63	fc:T,fl:C,pl:T,
13	5676	134	fc:T,fl:T,pl:G,
14	6796	24	fc:A,fl:N,pl:G,
15	7273	323	fc:C,fl:N,pl:T,
16	8081	131	fc:G,fl:G,pl:A,
17	8755	205	fc:C,fl:N,pl:T,
18	8772	70	fc:T,fl:N,pl:C,
19	8781	29	fc:G,fl:G,pl:A,
20	8783	203	fc:C,fl:N,pl:A,
21	9149	299	fc:G,fl:N,pl:T,
22	10011	307	fc:C,fl:N,pl:T,
23	11506	181	fc:C,fl:G,pl:G,
24	12159	67	fc:G,fl:G,pl:C,
25	12262	236	fc:T,fl:N,pl:C,
26	13616	77	fc:A,fl:N,pl:C,
27	13639	179	fc:G,fl:N,pl:T,
28	14555	49	fc:T,fl:C,pl:T,
29	14555	111	fc:C,fl:T,pl:C,
30	14749	46	fc:C,fl:T,pl:C,
31	15032	235	fc:C,fl:T,pl:C,
32	15515	242	fc:A,fl:N,pl:T,
33	15565	71	fc:T,fl:N,pl:A,
34	15565	86	fc:A,fl:N,pl:G,
35	15854	66	fc:A,fl:A,pl:G,
36	16410	258	fc:G,fl:N,pl:A,
37	16499	23	fc:C,fl:N,pl:T,
38	16569	141	fc:T,fl:N,pl:G,
39	16692	98	fc:G,fl:A,pl:G,
40	16722	161	fc:A,fl:N,pl:G,
41	16722	258	fc:G,fl:N,pl:A,
42	16731	274	fc:G,fl:A,pl:A,
43	16733	286	fc:A,fl:N,pl:T,
44	16804	252	fc:G,fl:T,pl:G,
45	16957	90	fc:A,fl:G,pl:A,
46	17008	250	fc:C,fl:N,pl:G,
47	17688	260	fc:A,fl:N,pl:G,
48	17746	332	fc:T,fl:N,pl:C,
49	17853	15	fc:T,fl:N,pl:C,
50	18019	269	fc:G,fl:N,pl:A,
51	18593	28	fc:C,fl:N,pl:T,
52	18624	204	fc:T,fl:N,pl:G,
53	18669	80	fc:A,fl:A,pl:C,
54	18669	79	fc:C,fl:C,pl:A,
55	18669	68	fc:A,fl:N,pl:T,
56	18971	56	fc:C,fl:T,pl:C,
57	19193	264	fc:G,fl:A,pl:A,
58	19873	234	fc:C,fl:N,pl:A,
59	19903	245	fc:A,fl:N,pl:G,
60	20193	215	fc:G,fl:N,pl:A,
61	20693	107	fc:A,fl:N,pl:G,
62	20697	97	fc:G,fl:G,pl:A,
63	20701	126	fc:A,fl:N,pl:G,
64	20700	160	fc:T,fl:N,pl:A,
65	20700	211	fc:C,fl:N,pl:T,
66	20722	250	fc:T,fl:N,pl:G,
67	21059	133	fc:C,fl:N,pl:A,
68	21340	44	fc:T,fl:T,pl:A,
69	21519	91	fc:T,fl:N,pl:G,
70	21519	207	fc:A,fl:N,pl:C,
71	21715	179	fc:C,fl:A,pl:C,
72	21939	272	fc:C,fl:N,pl:A,
73	21940	143	fc:G,fl:N,pl:A,
74	21947	201	fc:C,fl:N,pl:T,
75	21954	263	fc:G,fl:N,pl:T,
76	21960	206	fc:C,fl:G,pl:G,
77	21976	79	fc:G,fl:A,pl:A,
78	22624	42	fc:T,fl:N,pl:C,
79	22735	161	fc:G,fl:A,pl:G,
80	22751	121	fc:G,fl:A,pl:G,
81	23751	191	fc:C,fl:T,pl:C,
82	24042	217	fc:T,fl:N,pl:G,
83	24414	38	fc:G,fl:N,pl:A,
84	24466	95	fc:C,fl:N,pl:A,
85	25391	30	fc:G,fl:G,pl:A,
86	25391	78	fc:T,fl:T,pl:A,
87	25772	90	fc:T,fl:A,pl:T,
88	26426	43	fc:C,fl:N,pl:T,
89	26453	20	fc:A,fl:N,pl:G,
90	26517	106	fc:A,fl:N,pl:G,
91	26622	108	fc:T,fl:N,pl:C,
92	26628	38	fc:G,fl:N,pl:A,
93	26627	87	fc:A,fl:G,pl:G,
94	26629	273	fc:C,fl:N,pl:T,
95	26782	55	fc:T,fl:G,pl:T,
96	27324	178	fc:T,fl:N,pl:G,
97	27324	179	fc:C,fl:N,pl:T,
98	27352	119	fc:T,fl:C,pl:T,
99	27718	95	fc:C,fl:G,pl:C,
100	28083	230	fc:C,fl:N,pl:T,
101	28270	132	fc:C,fl:N,pl:T,
102	29454	106	fc:T,fl:C,pl:C,
103	29824	157	fc:T,fl:N,pl:G,
104	29927	243	fc:C,fl:N,pl:T,
105	30505	197	fc:A,fl:T,pl:A,
106	30764	273	fc:N,fl:T,pl:C,
107	30814	25	fc:A,fl:N,pl:T,
108	31989	167	fc:C,fl:N,pl:A,
109	32203	289	fc:G,fl:A,pl:N,
110	32358	232	fc:T,fl:G,pl:G,
111	32894	214	fc:A,fl:N,pl:G,
112	33229	209	fc:T,fl:N,pl:A,
113	33228	284	fc:G,fl:N,pl:A,
114	33305	120	fc:A,fl:G,pl:A,
115	34119	121	fc:A,fl:G,pl:A,
116	34438	25	fc:A,fl:N,pl:T,
117	34537	30	fc:C,fl:N,pl:A,
118	34895	237	fc:A,fl:C,pl:A,
119	35930	164	fc:C,fl:T,pl:C,
120	36033	186	fc:A,fl:G,pl:A,
121	36087	207	fc:C,fl:A,pl:A,
122	36587	14	fc:A,fl:N,pl:G,
123	37058	171	fc:G,fl:N,pl:A,
124	37853	215	fc:C,fl:T,pl:C,
125	38547	212	fc:A,fl:G,pl:A,
126	38546	46	fc:G,fl:A,pl:G,
127	38869	43	fc:N,fl:T,pl:A,
128	39644	9	fc:A,fl:N,pl:G,
129	39685	228	fc:C,fl:T,pl:T,
130	39898	201	fc:A,fl:C,pl:A,
131	39913	243	fc:A,fl:C,pl:N,
132	40171	240	fc:A,fl:A,pl:C,
133	40247	44	fc:T,fl:N,pl:A,
134	40601	276	fc:T,fl:N,pl:C,
135	40683	93	fc:T,fl:A,pl:T,
136	40815	29	fc:G,fl:A,pl:G,
137	41126	184	fc:A,fl:G,pl:G,
138	41132	35	fc:A,fl:N,pl:G,
139	41142	172	fc:C,fl:T,pl:T,
140	41141	327	fc:G,fl:A,pl:N,
141	41551	125	fc:T,fl:G,pl:G,
142	41769	194	fc:G,fl:N,pl:A,
143	42160	253	fc:G,fl:N,pl:C,
144	43326	29	fc:C,fl:T,pl:C,
145	43386	323	fc:G,fl:N,pl:T,
146	43644	265	fc:G,fl:A,pl:G,
147	43912	102	fc:A,fl:N,pl:T,
148	44909	215	fc:G,fl:N,pl:T,
149	45015	16	fc:G,fl:T,pl:G,
150	45014	20	fc:T,fl:G,pl:T,
151	45014	89	fc:A,fl:C,pl:A,
152	45041	189	fc:G,fl:N,pl:A,
153	45139	174	fc:G,fl:G,pl:A,
154	45142	104	fc:G,fl:G,pl:C,
155	45142	105	fc:G,fl:G,pl:A,
156	46783	179	fc:T,fl:T,pl:A,
157	46798	30	fc:C,fl:C,pl:A,
158	47096	220	fc:T,fl:N,pl:A,
159	47095	294	fc:A,fl:N,pl:G,
160	47098	169	fc:G,fl:N,pl:A,
161	47101	189	fc:A,fl:N,pl:C,
162	48262	195	fc:C,fl:T,pl:C,
163	48387	185	fc:T,fl:C,pl:T,
164	48576	119	fc:T,fl:G,pl:T,
165	49310	220	fc:G,fl:N,pl:A,
166	50674	231	fc:A,fl:N,pl:C,
167	51007	204	fc:T,fl:C,pl:N,
168	51135	273	fc:C,fl:G,pl:C,
169	51313	267	fc:T,fl:G,pl:T,
170	53627	180	fc:T,fl:C,pl:C,
171	53922	113	fc:C,fl:G,pl:C,
172	57002	204	fc:A,fl:G,pl:A,
173	57002	238	fc:C,fl:A,pl:C,
174	57360	270	fc:C,fl:C,pl:T,
175	57450	99	fc:T,fl:N,pl:C,
176	57450	233	fc:T,fl:N,pl:G,
177	57764	153	fc:G,fl:A,pl:G,
178	58170	36	fc:C,fl:A,pl:C,
179	58230	164	fc:A,fl:C,pl:A,
180	58284	295	fc:A,fl:G,pl:N,
181	58312	22	fc:C,fl:N,pl:T,
182	58312	141	fc:T,fl:N,pl:C,
183	58315	56	fc:A,fl:N,pl:G,
184	58315	320	fc:A,fl:N,pl:G,
185	59355	200	fc:G,fl:N,pl:A,
186	60292	71	fc:A,fl:G,pl:A,
187	60512	142	fc:T,fl:G,pl:T,
188	60512	134	fc:G,fl:A,pl:G,
189	60518	199	fc:C,fl:G,pl:N,
190	60778	253	fc:C,fl:C,pl:T,
191	61194	221	fc:G,fl:N,pl:A,
192	61217	286	fc:G,fl:N,pl:T,
193	61694	33	fc:C,fl:C,pl:G,
194	61734	183	fc:G,fl:N,pl:A,
195	61733	189	fc:C,fl:N,pl:T,
196	61863	274	fc:T,fl:T,pl:C,
197	61985	291	fc:G,fl:N,pl:A,
198	62063	41	fc:T,fl:N,pl:A,
199	62444	106	fc:T,fl:N,pl:G,
200	62510	142	fc:G,fl:N,pl:A,
201	64647	32	fc:A,fl:N,pl:T,
202	64955	20	fc:C,fl:N,pl:T,
203	65074	64	fc:T,fl:N,pl:C,
204	65316	229	fc:A,fl:A,pl:G,
205	65423	124	fc:C,fl:C,pl:T,
206	65928	283	fc:T,fl:C,pl:T,
207	66981	249	fc:T,fl:G,pl:T,
208	67851	184	fc:C,fl:T,pl:C,
209	68246	65	fc:G,fl:T,pl:G,
210	68633	133	fc:C,fl:A,pl:C,
211	68633	134	fc:A,fl:G,pl:A,
212	68698	21	fc:C,fl:T,pl:C,
213	68898	66	fc:C,fl:G,pl:C,
214	68941	178	fc:T,fl:G,pl:T,
215	69484	13	fc:G,fl:N,pl:C,
216	69732	193	fc:T,fl:N,pl:G,
217	69802	161	fc:C,fl:T,pl:T,
218	69944	160	fc:T,fl:N,pl:C,
219	69961	235	fc:G,fl:N,pl:C,
220	69986	298	fc:T,fl:C,pl:C,
221	69989	68	fc:G,fl:N,pl:A,
222	69988	91	fc:A,fl:N,pl:C,
223	70770	38	fc:G,fl:C,pl:G,
224	70770	22	fc:G,fl:A,pl:G,
225	71034	254	fc:T,fl:N,pl:G,
226	71034	165	fc:A,fl:N,pl:G,
227	72415	176	fc:G,fl:A,pl:N,
228	72653	114	fc:A,fl:N,pl:C,
229	75623	254	fc:C,fl:N,pl:T,
230	75828	103	fc:G,fl:N,pl:A,
231	75828	146	fc:A,fl:N,pl:G,
232	76779	212	fc:A,fl:N,pl:T,
233	78791	138	fc:G,fl:N,pl:A,
234	79719	284	fc:C,fl:N,pl:T,
235	79719	135	fc:A,fl:N,pl:T,
236	79719	134	fc:G,fl:N,pl:T,
237	79787	260	fc:G,fl:N,pl:A,
238	79787	44	fc:A,fl:G,pl:G,
239	79838	22	fc:A,fl:N,pl:C,
240	80370	155	fc:T,fl:C,pl:T,
241	80519	147	fc:G,fl:N,pl:T,
242	81188	46	fc:G,fl:N,pl:A,
243	81576	128	fc:G,fl:A,pl:G,
244	82412	313	fc:C,fl:N,pl:A,
245	82412	278	fc:G,fl:N,pl:C,
246	82412	248	fc:C,fl:N,pl:T,
247	82412	229	fc:A,fl:N,pl:T,
248	82412	82	fc:T,fl:N,pl:G,
249	82412	48	fc:G,fl:N,pl:C,
250	82411	60	fc:T,fl:N,pl:A,
251	82530	12	fc:C,fl:T,pl:T,
252	82708	266	fc:G,fl:C,pl:N,
253	82708	264	fc:C,fl:A,pl:N,
254	82713	177	fc:T,fl:C,pl:T,
255	83135	113	fc:C,fl:C,pl:A,
256	83137	283	fc:G,fl:N,pl:A,
257	83714	213	fc:T,fl:A,pl:T,
258	83999	133	fc:T,fl:A,pl:T,
259	85013	58	fc:A,fl:T,pl:A,
260	85013	60	fc:C,fl:T,pl:C,
261	85387	282	fc:T,fl:C,pl:N,
262	86473	93	fc:G,fl:N,pl:T,
263	86883	46	fc:A,fl:N,pl:G,
264	86933	288	fc:G,fl:N,pl:T,
265	86932	19	fc:A,fl:C,pl:C,
266	87181	345	fc:T,fl:N,pl:C,
267	87181	124	fc:T,fl:G,pl:G,
268	87505	143	fc:G,fl:T,pl:T,
269	87679	160	fc:G,fl:N,pl:A,
270	87758	109	fc:T,fl:C,pl:C,
271	87914	19	fc:C,fl:N,pl:A,
272	88695	192	fc:T,fl:N,pl:G,
273	88695	191	fc:A,fl:N,pl:T,
274	88745	75	fc:T,fl:N,pl:C,
275	88745	143	fc:C,fl:N,pl:T,
276	88745	166	fc:A,fl:N,pl:C,
277	88747	29	fc:G,fl:N,pl:A,
278	88967	185	fc:G,fl:N,pl:A,
279	89272	112	fc:T,fl:A,pl:T,
280	90237	72	fc:C,fl:C,pl:T,
281	90287	45	fc:T,fl:C,pl:T,
282	91365	274	fc:T,fl:C,pl:T,
283	93170	188	fc:C,fl:T,pl:C,
284	93642	176	fc:A,fl:T,pl:A,
285	93745	6	fc:T,fl:C,pl:T,
286	93958	207	fc:C,fl:N,pl:A,
287	94044	31	fc:A,fl:T,pl:N,
288	96463	181	fc:C,fl:N,pl:T,
289	96784	87	fc:G,fl:N,pl:T,
290	97479	289	fc:C,fl:N,pl:G,
291	97492	142	fc:C,fl:N,pl:T,
292	98102	93	fc:A,fl:N,pl:C,
293	98245	84	fc:G,fl:T,pl:G,
294	98445	270	fc:A,fl:N,pl:C,
295	98583	33	fc:T,fl:N,pl:C,
296	98942	163	fc:T,fl:N,pl:G,
297	99075	72	fc:C,fl:T,pl:C,
298	100494	19	fc:G,fl:N,pl:A,
299	100494	15	fc:A,fl:N,pl:G,
300	100494	14	fc:G,fl:N,pl:A,
301	102530	21	fc:G,fl:A,pl:A,
302	102564	111	fc:C,fl:N,pl:G,
303	102873	142	fc:A,fl:N,pl:T,
304	103857	340	fc:G,fl:N,pl:C,
305	104041	12	fc:T,fl:N,pl:C,
306	104872	29	fc:G,fl:N,pl:A,
307	104899	45	fc:A,fl:N,pl:T,
308	105582	130	fc:C,fl:T,pl:C,
309	105768	287	fc:A,fl:N,pl:T,
310	105933	138	fc:T,fl:N,pl:C,
311	105932	117	fc:G,fl:N,pl:T,
312	105952	122	fc:A,fl:T,pl:A,
313	107086	238	fc:A,fl:G,pl:A,
314	107298	162	fc:A,fl:N,pl:C,
315	107406	75	fc:T,fl:N,pl:G,
316	107408	185	fc:C,fl:T,pl:T,
317	107407	114	fc:C,fl:T,pl:T,
318	107407	315	fc:A,fl:N,pl:C,
319	107413	53	fc:A,fl:G,pl:G,
320	107415	183	fc:A,fl:N,pl:C,
321	107415	185	fc:A,fl:N,pl:T,
322	107415	289	fc:C,fl:N,pl:T,
323	107458	252	fc:G,fl:N,pl:T,
324	107458	48	fc:G,fl:N,pl:A,
325	107457	116	fc:C,fl:T,pl:T,
326	107457	315	fc:A,fl:N,pl:G,
327	107526	7	fc:G,fl:G,pl:A,
328	107533	210	fc:G,fl:N,pl:A,
329	107533	91	fc:C,fl:N,pl:T,
330	107532	290	fc:G,fl:N,pl:T,
331	107881	23	fc:G,fl:G,pl:A,
332	107881	22	fc:G,fl:G,pl:A,
333	107881	18	fc:A,fl:A,pl:G,
334	107880	70	fc:C,fl:N,pl:A,
335	107880	169	fc:C,fl:N,pl:A,
336	107880	188	fc:G,fl:N,pl:T,
337	107889	139	fc:G,fl:N,pl:C,
338	107998	269	fc:A,fl:N,pl:G,
339	108145	102	fc:G,fl:G,pl:T,
340	108582	217	fc:T,fl:C,pl:N,
341	108721	147	fc:T,fl:N,pl:C,
342	108884	207	fc:T,fl:N,pl:G,
343	109447	33	fc:T,fl:T,pl:C,
344	109692	173	fc:T,fl:N,pl:C,
345	110870	263	fc:T,fl:N,pl:C,
346	110931	295	fc:C,fl:N,pl:T,
347	111864	160	fc:C,fl:N,pl:T,
348	112217	142	fc:G,fl:T,pl:G,
349	112226	161	fc:T,fl:C,pl:T,
350	112285	187	fc:G,fl:G,pl:A,
351	112479	138	fc:G,fl:N,pl:T,
352	112551	176	fc:T,fl:G,pl:T,
353	112781	87	fc:C,fl:T,pl:C,
354	113081	108	fc:C,fl:T,pl:C,
355	113371	191	fc:T,fl:G,pl:T,
356	113389	47	fc:T,fl:C,pl:T,
357	114144	240	fc:T,fl:N,pl:G,
358	114673	293	fc:A,fl:N,pl:T,
359	114791	86	fc:G,fl:T,pl:G,
360	115929	126	fc:C,fl:T,pl:C,
361	115937	246	fc:C,fl:T,pl:C,
362	116499	204	fc:T,fl:N,pl:C,
363	116516	196	fc:G,fl:T,pl:T,
364	116577	255	fc:T,fl:N,pl:A,
365	116577	169	fc:A,fl:N,pl:G,
366	116577	84	fc:T,fl:N,pl:C,
367	118031	266	fc:T,fl:G,pl:T,
368	119104	164	fc:N,fl:C,pl:T,
369	119109	239	fc:C,fl:N,pl:T,
370	119954	144	fc:C,fl:N,pl:T,
371	119958	28	fc:T,fl:N,pl:C,
372	120807	102	fc:T,fl:G,pl:T,
373	121659	13	fc:A,fl:N,pl:G,
374	121965	185	fc:T,fl:N,pl:A,
375	121965	186	fc:C,fl:N,pl:T,
376	122523	122	fc:C,fl:T,pl:C,
377	123330	101	fc:C,fl:N,pl:T,
378	123689	63	fc:C,fl:A,pl:C,
379	123689	61	fc:C,fl:T,pl:C,
380	123702	181	fc:T,fl:C,pl:T,
381	123958	213	fc:G,fl:N,pl:A,
382	124098	130	fc:T,fl:G,pl:T,
383	124854	164	fc:C,fl:N,pl:T,
384	125774	208	fc:G,fl:A,pl:G,
385	126108	165	fc:T,fl:N,pl:C,
386	126321	191	fc:A,fl:N,pl:G,
387	126377	23	fc:C,fl:C,pl:A,
388	126377	24	fc:C,fl:C,pl:T,
389	126419	17	fc:C,fl:N,pl:T,
390	126429	258	fc:T,fl:N,pl:A,
391	126463	41	fc:A,fl:A,pl:C,
392	126463	43	fc:A,fl:A,pl:T,
393	127298	52	fc:C,fl:N,pl:T,
394	127541	158	fc:C,fl:N,pl:T,
395	127736	31	fc:T,fl:N,pl:A,
396	127789	12	fc:T,fl:A,pl:T,
397	127789	159	fc:C,fl:T,pl:C,
398	127845	201	fc:T,fl:T,pl:C,
399	128318	84	fc:T,fl:C,pl:T,
400	129155	101	fc:C,fl:T,pl:C,
401	129507	164	fc:C,fl:T,pl:T,
402	131011	375	fc:T,fl:N,pl:C,
403	131265	135	fc:A,fl:N,pl:G,
404	131268	32	fc:A,fl:N,pl:G,
405	131358	68	fc:A,fl:T,pl:T,
406	132807	123	fc:T,fl:N,pl:C,
407	132949	275	fc:A,fl:N,pl:G,
408	132952	115	fc:C,fl:N,pl:T,
409	133335	70	fc:A,fl:N,pl:T,
410	133350	177	fc:G,fl:N,pl:A,
411	134121	51	fc:A,fl:N,pl:G,
412	134144	154	fc:C,fl:N,pl:G,
413	134144	150	fc:T,fl:N,pl:A,
414	134148	202	fc:G,fl:N,pl:A,
415	134151	147	fc:G,fl:N,pl:C,
416	134245	133	fc:C,fl:N,pl:A,
417	134251	156	fc:T,fl:A,pl:A,
418	134368	88	fc:G,fl:G,pl:C,
419	134857	233	fc:C,fl:A,pl:C,
420	134872	7	fc:A,fl:N,pl:G,
421	134872	250	fc:A,fl:N,pl:T,
422	135092	178	fc:T,fl:N,pl:C,
423	135112	242	fc:A,fl:G,pl:A,
424	135386	188	fc:C,fl:T,pl:C,
425	136088	287	fc:T,fl:N,pl:C,
426	136206	172	fc:G,fl:N,pl:T,
427	137486	112	fc:G,fl:A,pl:G,
428	137858	138	fc:T,fl:G,pl:T,
429	138318	246	fc:C,fl:N,pl:G,
430	138322	29	fc:T,fl:N,pl:A,
431	138900	154	fc:G,fl:T,pl:G,
432	139326	164	fc:G,fl:A,pl:G,
433	139711	169	fc:C,fl:T,pl:N,
434	139785	130	fc:C,fl:N,pl:A,
435	140084	91	fc:C,fl:T,pl:C,
436	140084	34	fc:G,fl:T,pl:G,
437	140084	23	fc:G,fl:T,pl:G,
438	140743	134	fc:G,fl:N,pl:T,
439	141590	315	fc:G,fl:N,pl:A,
440	141590	320	fc:G,fl:N,pl:A,
441	141796	229	fc:T,fl:C,pl:C,
442	141806	195	fc:T,fl:N,pl:G,
443	142204	145	fc:T,fl:C,pl:T,
444	142939	76	fc:A,fl:C,pl:A,
445	143074	73	fc:T,fl:N,pl:C,
446	143458	7	fc:N,fl:A,pl:G,
447	143522	190	fc:A,fl:N,pl:G,
448	143529	184	fc:T,fl:N,pl:G,
449	143590	37	fc:G,fl:T,pl:T,
450	144131	250	fc:T,fl:C,pl:T,
451	144131	227	fc:A,fl:T,pl:A,
452	144131	225	fc:A,fl:T,pl:A,
453	144131	215	fc:G,fl:A,pl:G,
454	144223	63	fc:G,fl:N,pl:A,
455	144292	219	fc:T,fl:N,pl:C,
456	144386	171	fc:T,fl:N,pl:A,
457	144386	35	fc:A,fl:G,pl:G,
458	144385	120	fc:C,fl:N,pl:A,
459	144842	82	fc:G,fl:A,pl:G,
460	144842	83	fc:G,fl:C,pl:G,
461	145473	108	fc:C,fl:N,pl:A,
462	145766	324	fc:T,fl:N,pl:G,
463	145820	295	fc:C,fl:N,pl:A,
464	145820	294	fc:C,fl:N,pl:A,
465	145820	241	fc:C,fl:N,pl:T,
466	145820	185	fc:T,fl:T,pl:G,
467	145820	158	fc:A,fl:A,pl:G,
468	145820	118	fc:A,fl:A,pl:T,
469	145820	67	fc:C,fl:C,pl:G,
470	145819	61	fc:A,fl:N,pl:G,
471	145819	62	fc:T,fl:N,pl:C,
472	145819	73	fc:A,fl:N,pl:G,
473	145819	86	fc:G,fl:N,pl:A,
474	145819	87	fc:A,fl:N,pl:G,
475	145819	179	fc:T,fl:N,pl:C,
476	145819	257	fc:C,fl:N,pl:T,
477	145819	261	fc:T,fl:N,pl:C,
478	145819	287	fc:G,fl:N,pl:A,
479	145819	300	fc:G,fl:N,pl:A,
480	145819	313	fc:G,fl:N,pl:T,
481	146260	21	fc:C,fl:N,pl:T,
482	146632	120	fc:T,fl:N,pl:C,
483	147135	121	fc:C,fl:N,pl:T,
484	147449	233	fc:A,fl:G,pl:A,
485	148052	89	fc:G,fl:A,pl:G,
486	149820	180	fc:G,fl:G,pl:C,
487	149820	240	fc:G,fl:N,pl:T,
488	150323	91	fc:G,fl:N,pl:C,
489	151180	79	fc:A,fl:T,pl:T,
490	151180	183	fc:T,fl:N,pl:A,
491	151180	184	fc:C,fl:N,pl:T,
492	151180	256	fc:T,fl:G,pl:G,
493	151568	301	fc:T,fl:N,pl:C,
494	151826	162	fc:G,fl:N,pl:A,
495	151880	151	fc:A,fl:C,pl:C,
496	152524	45	fc:T,fl:N,pl:C,
497	152733	200	fc:G,fl:T,pl:N,
498	153022	212	fc:G,fl:N,pl:A,
499	153297	63	fc:T,fl:T,pl:A,
500	153297	70	fc:G,fl:G,pl:A,
501	153813	281	fc:T,fl:N,pl:A,
502	153813	231	fc:A,fl:A,pl:C,
503	154144	132	fc:C,fl:T,pl:C,
504	154402	93	fc:C,fl:N,pl:T,
505	154505	251	fc:T,fl:N,pl:C,
506	154892	304	fc:A,fl:N,pl:C,
507	155535	224	fc:G,fl:T,pl:G,
508	157251	273	fc:C,fl:N,pl:T,
509	157438	154	fc:A,fl:N,pl:T,
510	157644	316	fc:G,fl:N,pl:A,
511	157644	178	fc:G,fl:N,pl:T,
512	158957	125	fc:G,fl:G,pl:A,
513	158986	182	fc:G,fl:N,pl:A,
514	159033	90	fc:T,fl:C,pl:T,
515	160313	24	fc:T,fl:A,pl:T,
516	160445	291	fc:A,fl:N,pl:C,
517	160520	353	fc:C,fl:N,pl:A,
518	160520	24	fc:G,fl:A,pl:A,
519	160520	23	fc:A,fl:G,pl:G,
520	160520	16	fc:G,fl:A,pl:A,
521	160520	15	fc:T,fl:C,pl:C,
522	160543	152	fc:C,fl:T,pl:N,
523	160697	160	fc:N,fl:T,pl:G,
524	160697	156	fc:N,fl:G,pl:T,
525	160697	154	fc:N,fl:G,pl:A,
526	161036	39	fc:C,fl:T,pl:C,
527	162737	85	fc:C,fl:A,pl:C,
528	163331	196	fc:T,fl:A,pl:N,
529	163331	146	fc:C,fl:T,pl:N,
530	163331	129	fc:T,fl:A,pl:N,
531	163331	23	fc:C,fl:G,pl:N,
532	163979	26	fc:T,fl:C,pl:T,
533	164421	187	fc:C,fl:T,pl:C,
534	164589	202	fc:T,fl:N,pl:C,
535	164597	206	fc:T,fl:G,pl:T,
536	165948	257	fc:T,fl:G,pl:T,
537	166344	210	fc:A,fl:C,pl:C,
538	166788	271	fc:T,fl:N,pl:G,
539	167172	329	fc:T,fl:C,pl:N,
540	167172	100	fc:C,fl:T,pl:C,
541	167281	242	fc:G,fl:C,pl:N,
542	167684	222	fc:T,fl:N,pl:G,
543	167687	188	fc:A,fl:N,pl:G,
544	167687	116	fc:C,fl:N,pl:A,
545	167687	101	fc:G,fl:N,pl:A,
546	167686	79	fc:A,fl:N,pl:T,
547	167686	104	fc:G,fl:N,pl:A,
548	167686	105	fc:A,fl:N,pl:G,
549	168249	172	fc:T,fl:C,pl:C,
550	171173	180	fc:C,fl:N,pl:T,
551	171563	122	fc:A,fl:G,pl:N,
552	176460	20	fc:T,fl:N,pl:C,
553	177440	96	fc:A,fl:N,pl:G,
554	177440	164	fc:A,fl:N,pl:C,
555	177935	11	fc:A,fl:A,pl:C,
556	177938	92	fc:T,fl:N,pl:A,
557	178269	294	fc:G,fl:T,pl:N,
558	178659	210	fc:T,fl:N,pl:C,
559	179304	255	fc:A,fl:N,pl:G,
560	179304	279	fc:C,fl:N,pl:G,
561	179304	297	fc:G,fl:N,pl:C,
562	179304	314	fc:T,fl:N,pl:A,
563	179530	267	fc:G,fl:T,pl:G,
564	179631	43	fc:G,fl:A,pl:G,
565	181196	79	fc:N,fl:T,pl:G,
566	181196	77	fc:N,fl:A,pl:C,
567	181279	197	fc:A,fl:N,pl:G,
568	181282	174	fc:C,fl:T,pl:C,
569	181312	54	fc:C,fl:N,pl:G,
570	181442	244	fc:C,fl:G,pl:C,
571	181829	329	fc:G,fl:N,pl:A,
572	182309	114	fc:A,fl:C,pl:C,
573	182496	198	fc:T,fl:N,pl:C,
574	182528	300	fc:A,fl:N,pl:G,
575	182528	154	fc:G,fl:N,pl:T,
576	182528	137	fc:A,fl:A,pl:G,
577	182527	112	fc:C,fl:N,pl:G,
578	182529	225	fc:G,fl:N,pl:C,
579	182532	52	fc:C,fl:N,pl:G,
580	182532	101	fc:C,fl:N,pl:A,
581	182835	130	fc:G,fl:N,pl:A,
582	183533	49	fc:G,fl:C,pl:G,
