# Stacks v2.0b;  Phylip sequential; October 10, 2018
# Seq Pos	Locus ID	Column	Population
0	72	304	lc:A,fl:N,pl:C,
1	79	264	lc:A,fl:N,pl:T,
2	84	178	lc:A,fl:N,pl:C,
3	124	230	lc:C,fl:N,pl:T,
4	183	99	lc:C,fl:N,pl:A,
5	361	243	lc:N,fl:C,pl:T,
6	516	222	lc:G,fl:A,pl:G,
7	557	92	lc:T,fl:N,pl:A,
8	567	44	lc:A,fl:A,pl:T,
9	663	23	lc:C,fl:N,pl:T,
10	670	145	lc:G,fl:T,pl:G,
11	999	200	lc:G,fl:N,pl:A,
12	1035	291	lc:A,fl:N,pl:C,
13	1199	186	lc:A,fl:N,pl:T,
14	1282	309	lc:G,fl:N,pl:T,
15	1297	72	lc:A,fl:N,pl:T,
16	1564	224	lc:A,fl:G,pl:A,
17	1829	326	lc:G,fl:A,pl:N,
18	2053	114	lc:A,fl:N,pl:C,
19	2149	41	lc:N,fl:A,pl:C,
20	2166	253	lc:C,fl:N,pl:T,
21	2347	239	lc:C,fl:A,pl:C,
22	2446	85	lc:T,fl:N,pl:A,
23	2446	300	lc:A,fl:N,pl:T,
24	2500	225	lc:C,fl:T,pl:C,
25	2819	19	lc:C,fl:N,pl:A,
26	2958	98	lc:G,fl:N,pl:T,
27	3232	150	lc:A,fl:N,pl:G,
28	3232	157	lc:T,fl:N,pl:A,
29	3461	131	lc:G,fl:G,pl:A,
30	3708	323	lc:G,fl:N,pl:T,
31	3735	272	lc:G,fl:N,pl:A,
32	3814	30	lc:G,fl:G,pl:A,
33	4004	288	lc:G,fl:T,pl:G,
34	4098	26	lc:G,fl:N,pl:T,
35	4411	164	lc:A,fl:C,pl:A,
36	4485	12	lc:T,fl:A,pl:T,
37	4485	159	lc:C,fl:T,pl:C,
38	4653	243	lc:A,fl:C,pl:N,
39	4703	6	lc:T,fl:C,pl:T,
40	4945	197	lc:C,fl:N,pl:T,
41	5306	132	lc:G,fl:N,pl:A,
42	5311	82	lc:A,fl:N,pl:T,
43	5347	46	lc:C,fl:T,pl:C,
44	5818	38	lc:G,fl:N,pl:A,
45	5889	315	lc:A,fl:N,pl:C,
46	5937	39	lc:C,fl:T,pl:C,
47	6056	176	lc:A,fl:T,pl:A,
48	6344	27	lc:T,fl:N,pl:A,
49	6840	20	lc:T,fl:G,pl:T,
50	6840	89	lc:A,fl:C,pl:A,
51	7014	87	lc:C,fl:T,pl:C,
52	7057	139	lc:T,fl:T,pl:C,
53	7091	189	lc:A,fl:N,pl:C,
54	7240	274	lc:G,fl:A,pl:A,
55	7326	187	lc:A,fl:C,pl:C,
56	7334	38	lc:A,fl:G,pl:G,
57	7484	196	lc:G,fl:T,pl:T,
58	7576	189	lc:C,fl:T,pl:C,
59	7619	250	lc:T,fl:N,pl:G,
60	7726	162	lc:T,fl:N,pl:G,
61	7742	27	lc:C,fl:C,pl:T,
62	7793	114	lc:T,fl:N,pl:C,
63	7828	73	lc:T,fl:N,pl:C,
64	7936	97	lc:G,fl:A,pl:A,
65	7936	112	lc:C,fl:A,pl:A,
66	8329	109	lc:C,fl:C,pl:T,
67	8336	47	lc:N,fl:A,pl:G,
68	8380	51	lc:A,fl:N,pl:G,
69	8440	120	lc:C,fl:N,pl:A,
70	8540	199	lc:C,fl:G,pl:N,
71	9235	108	lc:C,fl:N,pl:A,
72	9725	294	lc:T,fl:N,pl:A,
73	9999	245	lc:A,fl:N,pl:G,
74	10012	121	lc:A,fl:G,pl:A,
75	10162	21	lc:T,fl:N,pl:C,
76	10521	101	lc:C,fl:N,pl:T,
77	10890	127	lc:C,fl:N,pl:G,
78	10955	71	lc:A,fl:G,pl:A,
79	10999	265	lc:A,fl:G,pl:N,
80	11217	41	lc:T,fl:T,pl:G,
81	11217	144	lc:T,fl:T,pl:G,
82	11269	220	lc:T,fl:N,pl:A,
83	11451	43	lc:C,fl:N,pl:T,
84	11598	135	lc:A,fl:A,pl:G,
85	11598	152	lc:G,fl:N,pl:T,
86	11598	298	lc:A,fl:N,pl:G,
87	11600	102	lc:N,fl:C,pl:T,
88	11600	103	lc:N,fl:T,pl:A,
89	11600	142	lc:N,fl:A,pl:C,
90	11600	145	lc:N,fl:G,pl:A,
91	11975	215	lc:C,fl:T,pl:C,
92	12145	176	lc:G,fl:A,pl:N,
93	12146	115	lc:C,fl:T,pl:T,
94	12146	314	lc:A,fl:N,pl:G,
95	12286	114	lc:C,fl:T,pl:T,
96	12286	315	lc:A,fl:N,pl:C,
97	12325	130	lc:C,fl:N,pl:A,
98	12835	119	lc:T,fl:C,pl:T,
99	12907	178	lc:T,fl:N,pl:C,
100	13015	178	lc:T,fl:G,pl:T,
101	13080	219	lc:T,fl:N,pl:C,
102	13437	117	lc:A,fl:N,pl:G,
103	13664	71	lc:A,fl:N,pl:T,
104	13893	85	lc:G,fl:T,pl:G,
105	13943	336	lc:C,fl:N,pl:T,
106	14338	308	lc:T,fl:C,pl:C,
107	14426	293	lc:G,fl:T,pl:N,
108	14524	267	lc:T,fl:G,pl:T,
109	14748	143	lc:C,fl:N,pl:T,
110	14780	271	lc:A,fl:G,pl:A,
111	15134	181	lc:T,fl:C,pl:T,
112	15587	23	lc:A,fl:T,pl:A,
113	15587	46	lc:C,fl:T,pl:C,
114	15593	51	lc:C,fl:T,pl:C,
115	15656	297	lc:A,fl:N,pl:C,
116	15825	99	lc:T,fl:C,pl:C,
117	15849	58	lc:N,fl:A,pl:C,
118	15937	75	lc:G,fl:C,pl:G,
119	16039	205	lc:C,fl:N,pl:T,
120	16159	181	lc:A,fl:N,pl:C,
121	16159	183	lc:A,fl:N,pl:T,
122	16169	191	lc:T,fl:G,pl:T,
123	16196	226	lc:T,fl:G,pl:G,
124	16200	184	lc:T,fl:N,pl:G,
125	16392	132	lc:C,fl:T,pl:C,
126	16428	49	lc:C,fl:N,pl:A,
127	16428	92	lc:C,fl:N,pl:G,
128	16461	205	lc:A,fl:C,pl:C,
129	16508	106	lc:G,fl:A,pl:A,
130	16549	29	lc:G,fl:G,pl:A,
131	16709	85	lc:N,fl:G,pl:A,
132	16737	253	lc:G,fl:N,pl:C,
133	16743	182	lc:G,fl:N,pl:A,
134	16819	264	lc:G,fl:A,pl:A,
135	16835	16	lc:G,fl:T,pl:G,
136	16899	11	lc:G,fl:N,pl:A,
137	17094	287	lc:A,fl:N,pl:T,
138	17238	120	lc:T,fl:N,pl:C,
139	17275	29	lc:T,fl:N,pl:A,
140	17408	133	lc:C,fl:N,pl:A,
141	17731	208	lc:C,fl:C,pl:A,
142	17854	90	lc:T,fl:A,pl:T,
143	18071	107	lc:A,fl:N,pl:G,
144	18125	184	lc:A,fl:G,pl:A,
145	18541	332	lc:T,fl:N,pl:C,
146	18583	185	lc:A,fl:G,pl:G,
147	18960	313	lc:N,fl:G,pl:A,
148	19215	61	lc:A,fl:N,pl:G,
149	19215	62	lc:T,fl:N,pl:C,
150	19215	73	lc:A,fl:N,pl:G,
151	19215	86	lc:G,fl:N,pl:A,
152	19215	87	lc:A,fl:N,pl:G,
153	19215	179	lc:T,fl:N,pl:C,
154	19215	257	lc:C,fl:N,pl:T,
155	19215	261	lc:T,fl:N,pl:C,
156	19215	287	lc:G,fl:N,pl:A,
157	19215	300	lc:G,fl:N,pl:A,
158	19215	313	lc:G,fl:N,pl:T,
159	19272	81	lc:G,fl:C,pl:G,
160	19435	97	lc:G,fl:G,pl:A,
161	19498	183	lc:G,fl:N,pl:A,
162	19609	235	lc:C,fl:T,pl:C,
163	19903	119	lc:A,fl:T,pl:A,
164	19905	130	lc:T,fl:C,pl:T,
165	19905	182	lc:G,fl:A,pl:G,
166	19960	46	lc:G,fl:A,pl:G,
167	20037	242	lc:C,fl:C,pl:G,
168	20037	274	lc:C,fl:N,pl:T,
169	20314	207	lc:C,fl:N,pl:T,
170	20508	31	lc:T,fl:N,pl:A,
171	20552	297	lc:G,fl:N,pl:T,
172	20611	249	lc:T,fl:G,pl:T,
173	20762	84	lc:T,fl:C,pl:T,
174	21009	28	lc:T,fl:N,pl:C,
175	21111	164	lc:C,fl:T,pl:C,
176	21161	49	lc:T,fl:N,pl:C,
177	21202	206	lc:C,fl:G,pl:G,
178	21373	53	lc:A,fl:G,pl:G,
179	21647	176	lc:T,fl:C,pl:T,
180	21716	160	lc:T,fl:N,pl:A,
181	21840	17	lc:C,fl:N,pl:T,
182	21953	95	lc:C,fl:N,pl:G,
183	21962	323	lc:C,fl:N,pl:T,
184	22174	143	lc:G,fl:T,pl:T,
185	22285	272	lc:C,fl:N,pl:A,
186	22317	55	lc:T,fl:G,pl:T,
187	22796	201	lc:C,fl:N,pl:T,
188	22915	113	lc:C,fl:G,pl:C,
189	23071	197	lc:A,fl:N,pl:G,
190	23086	203	lc:C,fl:N,pl:A,
191	23215	19	lc:A,fl:C,pl:C,
192	23245	22	lc:G,fl:A,pl:G,
193	23245	38	lc:G,fl:C,pl:G,
194	23247	153	lc:G,fl:A,pl:G,
195	23342	239	lc:A,fl:N,pl:G,
196	23373	117	lc:G,fl:N,pl:T,
197	23596	295	lc:A,fl:N,pl:T,
198	23808	243	lc:C,fl:N,pl:T,
199	24073	25	lc:A,fl:N,pl:T,
200	24184	56	lc:A,fl:N,pl:G,
201	24184	317	lc:A,fl:N,pl:G,
202	24251	167	lc:C,fl:T,pl:C,
203	24520	79	lc:A,fl:N,pl:T,
204	24520	118	lc:G,fl:N,pl:A,
205	24520	119	lc:A,fl:N,pl:G,
206	24520	166	lc:C,fl:N,pl:A,
207	24579	102	lc:G,fl:G,pl:T,
208	24827	85	lc:C,fl:N,pl:A,
209	25095	76	lc:A,fl:C,pl:A,
210	25619	313	lc:G,fl:N,pl:T,
211	25764	89	lc:G,fl:A,pl:G,
212	25863	42	lc:A,fl:A,pl:T,
213	25913	126	lc:T,fl:A,pl:T,
214	26144	33	lc:T,fl:T,pl:C,
215	26242	108	lc:C,fl:T,pl:C,
216	26351	39	lc:G,fl:T,pl:G,
217	26351	193	lc:G,fl:T,pl:G,
218	26855	98	lc:C,fl:C,pl:A,
219	26947	18	lc:A,fl:A,pl:G,
220	26947	22	lc:G,fl:G,pl:A,
221	26947	23	lc:G,fl:G,pl:A,
222	27134	102	lc:T,fl:G,pl:T,
223	27166	77	lc:G,fl:N,pl:A,
224	27166	198	lc:T,fl:N,pl:C,
225	27607	82	lc:C,fl:G,pl:C,
226	27671	155	lc:T,fl:C,pl:C,
227	27786	145	lc:T,fl:C,pl:T,
228	27907	164	lc:G,fl:A,pl:G,
229	27937	75	lc:T,fl:N,pl:G,
230	28088	66	lc:T,fl:N,pl:A,
231	28088	69	lc:T,fl:N,pl:C,
232	28088	171	lc:T,fl:N,pl:G,
233	28160	296	lc:G,fl:N,pl:T,
234	28308	252	lc:G,fl:T,pl:G,
235	28334	185	lc:T,fl:N,pl:A,
236	28334	186	lc:C,fl:N,pl:T,
237	28386	22	lc:A,fl:N,pl:C,
238	28561	52	lc:C,fl:N,pl:G,
239	28561	109	lc:C,fl:N,pl:A,
240	28654	165	lc:A,fl:N,pl:G,
241	28654	254	lc:T,fl:N,pl:G,
242	29117	173	lc:G,fl:N,pl:T,
243	29469	218	lc:T,fl:C,pl:C,
244	29532	125	lc:T,fl:N,pl:A,
245	29856	204	lc:A,fl:G,pl:A,
246	29870	114	lc:A,fl:C,pl:C,
247	30001	126	lc:A,fl:N,pl:G,
248	30118	212	lc:A,fl:N,pl:T,
249	30185	180	lc:G,fl:G,pl:C,
250	30185	240	lc:G,fl:N,pl:T,
251	30473	52	lc:A,fl:C,pl:C,
252	30505	207	lc:T,fl:N,pl:A,
253	30547	190	lc:C,fl:G,pl:G,
254	30846	45	lc:T,fl:C,pl:T,
255	31024	66	lc:A,fl:G,pl:G,
256	31051	232	lc:A,fl:A,pl:C,
257	31574	174	lc:G,fl:G,pl:A,
258	32076	195	lc:T,fl:N,pl:G,
259	32124	229	lc:T,fl:C,pl:C,
260	32220	287	lc:T,fl:N,pl:C,
261	32443	179	lc:C,fl:A,pl:C,
262	32743	10	lc:C,fl:T,pl:C,
263	32873	197	lc:A,fl:T,pl:A,
264	32938	206	lc:T,fl:N,pl:C,
265	32960	6	lc:A,fl:N,pl:C,
266	32971	91	lc:T,fl:N,pl:C,
267	33350	108	lc:C,fl:T,pl:C,
268	33503	49	lc:T,fl:T,pl:C,
269	33531	111	lc:C,fl:G,pl:G,
270	33711	58	lc:G,fl:A,pl:G,
271	33711	234	lc:G,fl:C,pl:G,
272	33866	18	lc:C,fl:C,pl:T,
273	34105	13	lc:G,fl:T,pl:G,
274	34215	32	lc:A,fl:G,pl:G,
275	34399	194	lc:C,fl:N,pl:T,
276	34506	231	lc:A,fl:N,pl:C,
277	34639	35	lc:A,fl:N,pl:G,
278	34798	349	lc:T,fl:N,pl:G,
279	34957	235	lc:G,fl:N,pl:C,
280	34982	51	lc:G,fl:A,pl:A,
281	34982	52	lc:T,fl:A,pl:A,
282	35043	69	lc:T,fl:C,pl:T,
283	35247	90	lc:T,fl:A,pl:A,
284	35701	131	lc:G,fl:A,pl:A,
285	35809	85	lc:G,fl:A,pl:G,
286	35809	87	lc:A,fl:T,pl:A,
287	35863	15	lc:G,fl:N,pl:T,
288	35912	227	lc:G,fl:N,pl:A,
289	36401	265	lc:G,fl:A,pl:G,
290	36712	87	lc:N,fl:C,pl:T,
291	36712	154	lc:N,fl:G,pl:A,
292	36712	156	lc:N,fl:G,pl:T,
293	36712	160	lc:N,fl:T,pl:G,
294	36870	71	lc:T,fl:N,pl:A,
295	36870	86	lc:A,fl:N,pl:G,
296	36938	299	lc:G,fl:N,pl:T,
297	37065	138	lc:G,fl:N,pl:A,
298	37167	142	lc:A,fl:T,pl:T,
299	37204	57	lc:T,fl:N,pl:G,
300	37204	80	lc:G,fl:N,pl:C,
301	37284	132	lc:C,fl:A,pl:C,
302	37284	133	lc:A,fl:G,pl:A,
303	37358	119	lc:G,fl:G,pl:A,
304	37368	37	lc:T,fl:G,pl:N,
305	37502	237	lc:A,fl:G,pl:A,
306	37688	141	lc:T,fl:C,pl:T,
307	37998	39	lc:T,fl:C,pl:C,
308	38039	87	lc:G,fl:N,pl:T,
309	38067	23	lc:C,fl:C,pl:A,
310	38067	24	lc:C,fl:C,pl:T,
311	38142	133	lc:T,fl:A,pl:T,
312	38369	222	lc:T,fl:N,pl:G,
313	38577	75	lc:A,fl:N,pl:G,
314	38837	96	lc:A,fl:N,pl:G,
315	38837	164	lc:A,fl:N,pl:C,
316	39013	234	lc:G,fl:N,pl:T,
317	39043	271	lc:C,fl:N,pl:A,
318	39162	170	lc:T,fl:N,pl:A,
319	39244	179	lc:T,fl:T,pl:A,
320	39299	114	lc:A,fl:T,pl:T,
321	39315	273	lc:C,fl:G,pl:C,
322	39431	151	lc:N,fl:C,pl:G,
323	39487	119	lc:T,fl:G,pl:T,
324	39568	88	lc:G,fl:G,pl:C,
325	39622	280	lc:T,fl:C,pl:N,
326	39852	6	lc:C,fl:N,pl:T,
327	39852	9	lc:T,fl:N,pl:A,
328	39852	11	lc:G,fl:N,pl:A,
329	39852	19	lc:G,fl:N,pl:A,
330	39852	35	lc:T,fl:N,pl:A,
331	39852	36	lc:A,fl:N,pl:T,
332	39852	38	lc:C,fl:N,pl:A,
333	39852	42	lc:A,fl:N,pl:G,
334	39852	48	lc:G,fl:N,pl:A,
335	39852	64	lc:G,fl:N,pl:T,
336	39852	70	lc:G,fl:N,pl:T,
337	39852	71	lc:A,fl:N,pl:G,
338	39852	130	lc:G,fl:N,pl:T,
339	39852	142	lc:G,fl:N,pl:A,
340	39852	143	lc:T,fl:N,pl:G,
341	40227	127	lc:C,fl:A,pl:C,
342	40227	130	lc:T,fl:G,pl:T,
343	40308	75	lc:T,fl:N,pl:C,
344	40308	143	lc:C,fl:N,pl:T,
345	40308	166	lc:A,fl:N,pl:C,
346	40472	66	lc:A,fl:A,pl:G,
347	40629	223	lc:T,fl:N,pl:C,
348	40732	202	lc:G,fl:N,pl:A,
349	40732	295	lc:A,fl:N,pl:T,
350	40732	297	lc:T,fl:N,pl:C,
351	40976	48	lc:T,fl:C,pl:T,
352	41441	271	lc:A,fl:G,pl:A,
353	41664	307	lc:C,fl:N,pl:T,
354	42090	273	lc:C,fl:N,pl:T,
355	42398	63	lc:A,fl:C,pl:A,
356	42427	91	lc:G,fl:A,pl:G,
357	42704	22	lc:C,fl:N,pl:T,
358	42704	142	lc:T,fl:N,pl:C,
359	42772	120	lc:A,fl:G,pl:A,
360	42772	125	lc:A,fl:C,pl:A,
361	42954	212	lc:T,fl:C,pl:N,
362	43175	83	lc:G,fl:T,pl:G,
363	43511	283	lc:G,fl:N,pl:A,
364	43666	153	lc:C,fl:T,pl:N,
365	44041	259	lc:T,fl:N,pl:C,
366	44478	246	lc:C,fl:T,pl:C,
367	44514	87	lc:G,fl:T,pl:G,
368	44542	213	lc:G,fl:N,pl:A,
369	44573	68	lc:G,fl:N,pl:A,
370	44605	134	lc:G,fl:A,pl:G,
371	44605	142	lc:T,fl:G,pl:T,
372	44716	72	lc:C,fl:C,pl:T,
373	44963	273	lc:T,fl:C,pl:T,
374	44979	117	lc:G,fl:T,pl:T,
375	45006	191	lc:A,fl:N,pl:T,
376	45006	192	lc:T,fl:N,pl:G,
377	45075	43	lc:N,fl:T,pl:A,
378	45159	156	lc:T,fl:A,pl:A,
379	45205	324	lc:T,fl:N,pl:G,
380	45404	30	lc:C,fl:N,pl:A,
381	45405	251	lc:T,fl:N,pl:C,
382	45531	112	lc:G,fl:A,pl:G,
383	45739	240	lc:T,fl:N,pl:G,
384	45807	67	lc:C,fl:C,pl:G,
385	45807	118	lc:A,fl:A,pl:T,
386	45807	158	lc:A,fl:A,pl:G,
387	45807	234	lc:C,fl:N,pl:T,
388	45807	287	lc:C,fl:N,pl:A,
389	45807	288	lc:C,fl:N,pl:A,
390	45933	153	lc:A,fl:N,pl:T,
391	46173	288	lc:G,fl:N,pl:T,
392	46244	6	lc:C,fl:N,pl:T,
393	46244	101	lc:T,fl:N,pl:G,
394	46244	172	lc:G,fl:N,pl:C,
395	46244	233	lc:C,fl:N,pl:T,
396	46465	49	lc:A,fl:N,pl:T,
397	47008	105	lc:A,fl:N,pl:T,
398	47162	184	lc:T,fl:N,pl:C,
399	47263	277	lc:T,fl:T,pl:C,
400	47282	232	lc:G,fl:N,pl:C,
401	47308	262	lc:A,fl:N,pl:G,
402	47311	14	lc:A,fl:N,pl:G,
403	47885	233	lc:A,fl:G,pl:A,
404	48148	203	lc:G,fl:N,pl:A,
405	48603	61	lc:T,fl:A,pl:A,
406	48761	247	lc:T,fl:N,pl:A,
407	49085	259	lc:A,fl:N,pl:G,
408	49273	65	lc:G,fl:T,pl:G,
409	49284	249	lc:T,fl:N,pl:C,
410	49331	70	lc:T,fl:N,pl:C,
411	50003	283	lc:T,fl:C,pl:T,
412	50263	130	lc:C,fl:T,pl:C,
413	50380	171	lc:G,fl:N,pl:A,
414	50404	164	lc:C,fl:T,pl:T,
415	50819	182	lc:T,fl:N,pl:C,
416	50868	154	lc:G,fl:A,pl:G,
417	50921	285	lc:A,fl:N,pl:G,
418	51011	98	lc:T,fl:C,pl:C,
419	51011	309	lc:T,fl:N,pl:G,
420	51304	12	lc:A,fl:T,pl:A,
421	51605	17	lc:G,fl:A,pl:G,
422	51605	220	lc:G,fl:C,pl:G,
423	51711	120	lc:A,fl:G,pl:A,
424	52232	108	lc:T,fl:G,pl:T,
425	52320	226	lc:C,fl:N,pl:A,
426	52456	218	lc:G,fl:N,pl:A,
427	52821	233	lc:T,fl:N,pl:G,
428	52857	30	lc:C,fl:C,pl:A,
429	52983	139	lc:G,fl:N,pl:C,
430	53052	83	lc:C,fl:A,pl:C,
431	53303	253	lc:C,fl:C,pl:T,
432	53385	176	lc:T,fl:C,pl:T,
433	53437	156	lc:T,fl:C,pl:T,
434	53526	152	lc:T,fl:N,pl:C,
435	53833	160	lc:T,fl:N,pl:A,
436	53833	211	lc:C,fl:N,pl:T,
